# JRE version: OpenJDK Runtime Environment (8.0_112-b06) (build 1.8.0_112-release-b06)
# Java VM: OpenJDK 64-Bit Server VM (25.112-b06 mixed mode windows-amd64 compressed oops)
Heap:
 PSYoungGen      total 138240K, used 56086K [0x00000000e0000000, 0x00000000ec200000, 0x0000000100000000)
  eden space 125440K, 35% used [0x00000000e0000000,0x00000000e2bbfda8,0x00000000e7a80000)
  from space 12800K, 88% used [0x00000000e7a80000,0x00000000e8585bc8,0x00000000e8700000)
  to   space 13824K, 0% used [0x00000000eb480000,0x00000000eb480000,0x00000000ec200000)
 ParOldGen       total 119808K, used 16798K [0x00000000a0000000, 0x00000000a7500000, 0x00000000e0000000)
  object space 119808K, 14% used [0x00000000a0000000,0x00000000a1067918,0x00000000a7500000)
 Metaspace       used 45018K, capacity 46182K, committed 46336K, reserved 1089536K
  class space    used 6056K, capacity 6295K, committed 6400K, reserved 1048576K
GC Heap History (10 events):
Event: 2.480 GC heap before
{Heap before GC invocations=5 (full 1):
 PSYoungGen      total 71680K, used 66560K [0x00000000e0000000, 0x00000000e8c00000, 0x0000000100000000)
  eden space 66560K, 100% used [0x00000000e0000000,0x00000000e4100000,0x00000000e4100000)
  from space 5120K, 0% used [0x00000000e4100000,0x00000000e4100000,0x00000000e4600000)
  to   space 5120K, 0% used [0x00000000e8700000,0x00000000e8700000,0x00000000e8c00000)
 ParOldGen       total 77824K, used 12070K [0x00000000a0000000, 0x00000000a4c00000, 0x00000000e0000000)
  object space 77824K, 15% used [0x00000000a0000000,0x00000000a0bc9a78,0x00000000a4c00000)
 Metaspace       used 25979K, capacity 26380K, committed 26496K, reserved 1073152K
  class space    used 3587K, capacity 3697K, committed 3712K, reserved 1048576K
Event: 2.490 GC heap after
Heap after GC invocations=5 (full 1):
 PSYoungGen      total 88064K, used 5102K [0x00000000e0000000, 0x00000000e8c00000, 0x0000000100000000)
  eden space 82944K, 0% used [0x00000000e0000000,0x00000000e0000000,0x00000000e5100000)
  from space 5120K, 99% used [0x00000000e8700000,0x00000000e8bfb828,0x00000000e8c00000)
  to   space 5120K, 0% used [0x00000000e8200000,0x00000000e8200000,0x00000000e8700000)
 ParOldGen       total 77824K, used 15020K [0x00000000a0000000, 0x00000000a4c00000, 0x00000000e0000000)
  object space 77824K, 19% used [0x00000000a0000000,0x00000000a0eab230,0x00000000a4c00000)
 Metaspace       used 25979K, capacity 26380K, committed 26496K, reserved 1073152K
  class space    used 3587K, capacity 3697K, committed 3712K, reserved 1048576K
}
Event: 3.669 GC heap before
{Heap before GC invocations=6 (full 1):
 PSYoungGen      total 88064K, used 88046K [0x00000000e0000000, 0x00000000e8c00000, 0x0000000100000000)
  eden space 82944K, 100% used [0x00000000e0000000,0x00000000e5100000,0x00000000e5100000)
  from space 5120K, 99% used [0x00000000e8700000,0x00000000e8bfb828,0x00000000e8c00000)
  to   space 5120K, 0% used [0x00000000e8200000,0x00000000e8200000,0x00000000e8700000)
 ParOldGen       total 77824K, used 15020K [0x00000000a0000000, 0x00000000a4c00000, 0x00000000e0000000)
  object space 77824K, 19% used [0x00000000a0000000,0x00000000a0eab230,0x00000000a4c00000)
 Metaspace       used 31289K, capacity 31742K, committed 32128K, reserved 1077248K
  class space    used 4218K, capacity 4377K, committed 4480K, reserved 1048576K
Event: 3.679 GC heap after
Heap after GC invocations=6 (full 1):
 PSYoungGen      total 106496K, used 5088K [0x00000000e0000000, 0x00000000e8780000, 0x0000000100000000)
  eden space 101376K, 0% used [0x00000000e0000000,0x00000000e0000000,0x00000000e6300000)
  from space 5120K, 99% used [0x00000000e8200000,0x00000000e86f8010,0x00000000e8700000)
  to   space 512K, 0% used [0x00000000e8700000,0x00000000e8700000,0x00000000e8780000)
 ParOldGen       total 77824K, used 18845K [0x00000000a0000000, 0x00000000a4c00000, 0x00000000e0000000)
  object space 77824K, 24% used [0x00000000a0000000,0x00000000a12677c0,0x00000000a4c00000)
 Metaspace       used 31289K, capacity 31742K, committed 32128K, reserved 1077248K
  class space    used 4218K, capacity 4377K, committed 4480K, reserved 1048576K
}
Event: 4.112 GC heap before
{Heap before GC invocations=7 (full 1):
 PSYoungGen      total 106496K, used 61728K [0x00000000e0000000, 0x00000000e8780000, 0x0000000100000000)
  eden space 101376K, 55% used [0x00000000e0000000,0x00000000e3750358,0x00000000e6300000)
  from space 5120K, 99% used [0x00000000e8200000,0x00000000e86f8010,0x00000000e8700000)
  to   space 512K, 0% used [0x00000000e8700000,0x00000000e8700000,0x00000000e8780000)
 ParOldGen       total 77824K, used 18845K [0x00000000a0000000, 0x00000000a4c00000, 0x00000000e0000000)
  object space 77824K, 24% used [0x00000000a0000000,0x00000000a12677c0,0x00000000a4c00000)
 Metaspace       used 34791K, capacity 35334K, committed 35496K, reserved 1079296K
  class space    used 4661K, capacity 4849K, committed 4864K, reserved 1048576K
Event: 4.153 GC heap after
Heap after GC invocations=7 (full 1):
 PSYoungGen      total 125952K, used 480K [0x00000000e0000000, 0x00000000e9f80000, 0x0000000100000000)
  eden space 125440K, 0% used [0x00000000e0000000,0x00000000e0000000,0x00000000e7a80000)
  from space 512K, 93% used [0x00000000e8700000,0x00000000e8778010,0x00000000e8780000)
  to   space 12800K, 0% used [0x00000000e7a80000,0x00000000e7a80000,0x00000000e8700000)
 ParOldGen       total 77824K, used 27990K [0x00000000a0000000, 0x00000000a4c00000, 0x00000000e0000000)
  object space 77824K, 35% used [0x00000000a0000000,0x00000000a1b558a0,0x00000000a4c00000)
 Metaspace       used 34791K, capacity 35334K, committed 35496K, reserved 1079296K
  class space    used 4661K, capacity 4849K, committed 4864K, reserved 1048576K
}
Event: 4.153 GC heap before
{Heap before GC invocations=8 (full 2):
 PSYoungGen      total 125952K, used 480K [0x00000000e0000000, 0x00000000e9f80000, 0x0000000100000000)
  eden space 125440K, 0% used [0x00000000e0000000,0x00000000e0000000,0x00000000e7a80000)
  from space 512K, 93% used [0x00000000e8700000,0x00000000e8778010,0x00000000e8780000)
  to   space 12800K, 0% used [0x00000000e7a80000,0x00000000e7a80000,0x00000000e8700000)
 ParOldGen       total 77824K, used 27990K [0x00000000a0000000, 0x00000000a4c00000, 0x00000000e0000000)
  object space 77824K, 35% used [0x00000000a0000000,0x00000000a1b558a0,0x00000000a4c00000)
 Metaspace       used 34791K, capacity 35334K, committed 35496K, reserved 1079296K
  class space    used 4661K, capacity 4849K, committed 4864K, reserved 1048576K
Event: 4.262 GC heap after
Heap after GC invocations=8 (full 2):
 PSYoungGen      total 125952K, used 0K [0x00000000e0000000, 0x00000000e9f80000, 0x0000000100000000)
  eden space 125440K, 0% used [0x00000000e0000000,0x00000000e0000000,0x00000000e7a80000)
  from space 512K, 0% used [0x00000000e8700000,0x00000000e8700000,0x00000000e8780000)
  to   space 12800K, 0% used [0x00000000e7a80000,0x00000000e7a80000,0x00000000e8700000)
 ParOldGen       total 119808K, used 16790K [0x00000000a0000000, 0x00000000a7500000, 0x00000000e0000000)
  object space 119808K, 14% used [0x00000000a0000000,0x00000000a1065918,0x00000000a7500000)
 Metaspace       used 34791K, capacity 35334K, committed 35496K, reserved 1079296K
  class space    used 4661K, capacity 4849K, committed 4864K, reserved 1048576K
}
Event: 5.382 GC heap before
{Heap before GC invocations=9 (full 2):
 PSYoungGen      total 125952K, used 125440K [0x00000000e0000000, 0x00000000e9f80000, 0x0000000100000000)
  eden space 125440K, 100% used [0x00000000e0000000,0x00000000e7a80000,0x00000000e7a80000)
  from space 512K, 0% used [0x00000000e8700000,0x00000000e8700000,0x00000000e8780000)
  to   space 12800K, 0% used [0x00000000e7a80000,0x00000000e7a80000,0x00000000e8700000)
 ParOldGen       total 119808K, used 16790K [0x00000000a0000000, 0x00000000a7500000, 0x00000000e0000000)
  object space 119808K, 14% used [0x00000000a0000000,0x00000000a1065918,0x00000000a7500000)
 Metaspace       used 42737K, capacity 43566K, committed 43904K, reserved 1087488K
  class space    used 5712K, capacity 5942K, committed 6016K, reserved 1048576K
Event: 5.402 GC heap after
Heap after GC invocations=9 (full 2):
 PSYoungGen      total 138240K, used 11286K [0x00000000e0000000, 0x00000000ec200000, 0x0000000100000000)
  eden space 125440K, 0% used [0x00000000e0000000,0x00000000e0000000,0x00000000e7a80000)
  from space 12800K, 88% used [0x00000000e7a80000,0x00000000e8585bc8,0x00000000e8700000)
  to   space 13824K, 0% used [0x00000000eb480000,0x00000000eb480000,0x00000000ec200000)
 ParOldGen       total 119808K, used 16798K [0x00000000a0000000, 0x00000000a7500000, 0x00000000e0000000)
  object space 119808K, 14% used [0x00000000a0000000,0x00000000a1067918,0x00000000a7500000)
 Metaspace       used 42737K, capacity 43566K, committed 43904K, reserved 1087488K
  class space    used 5712K, capacity 5942K, committed 6016K, reserved 1048576K
}

