# JRE version: OpenJDK Runtime Environment (8.0_112-b06) (build 1.8.0_112-release-b06)
# Java VM: OpenJDK 64-Bit Server VM (25.112-b06 mixed mode windows-amd64 compressed oops)
Heap:
 PSYoungGen      total 206336K, used 206320K [0x00000000e0000000, 0x00000000ee980000, 0x0000000100000000)
  eden space 191488K, 100% used [0x00000000e0000000,0x00000000ebb00000,0x00000000ebb00000)
  from space 14848K, 99% used [0x00000000ece00000,0x00000000edc7c008,0x00000000edc80000)
  to   space 19456K, 99% used [0x00000000ebb00000,0x00000000ecdf8210,0x00000000ece00000)
 ParOldGen       total 108032K, used 29703K [0x00000000a0000000, 0x00000000a6980000, 0x00000000e0000000)
  object space 108032K, 27% used [0x00000000a0000000,0x00000000a1d01fb8,0x00000000a6980000)
 Metaspace       used 54881K, capacity 57310K, committed 57432K, reserved 1099776K
  class space    used 7466K, capacity 7977K, committed 8024K, reserved 1048576K
GC Heap History (10 events):
Event: 6.395 GC heap after
Heap after GC invocations=6 (full 1):
 PSYoungGen      total 138240K, used 5092K [0x00000000e0000000, 0x00000000e9e80000, 0x0000000100000000)
  eden space 133120K, 0% used [0x00000000e0000000,0x00000000e0000000,0x00000000e8200000)
  from space 5120K, 99% used [0x00000000e8200000,0x00000000e86f9030,0x00000000e8700000)
  to   space 13824K, 0% used [0x00000000e9100000,0x00000000e9100000,0x00000000e9e80000)
 ParOldGen       total 73216K, used 21330K [0x00000000a0000000, 0x00000000a4780000, 0x00000000e0000000)
  object space 73216K, 29% used [0x00000000a0000000,0x00000000a14d4b50,0x00000000a4780000)
 Metaspace       used 32996K, capacity 33684K, committed 33920K, reserved 1079296K
  class space    used 4457K, capacity 4671K, committed 4736K, reserved 1048576K
}
Event: 6.612 GC heap before
{Heap before GC invocations=7 (full 1):
 PSYoungGen      total 138240K, used 24797K [0x00000000e0000000, 0x00000000e9e80000, 0x0000000100000000)
  eden space 133120K, 14% used [0x00000000e0000000,0x00000000e133e738,0x00000000e8200000)
  from space 5120K, 99% used [0x00000000e8200000,0x00000000e86f9030,0x00000000e8700000)
  to   space 13824K, 0% used [0x00000000e9100000,0x00000000e9100000,0x00000000e9e80000)
 ParOldGen       total 73216K, used 21330K [0x00000000a0000000, 0x00000000a4780000, 0x00000000e0000000)
  object space 73216K, 29% used [0x00000000a0000000,0x00000000a14d4b50,0x00000000a4780000)
 Metaspace       used 34589K, capacity 35210K, committed 35416K, reserved 1079296K
  class space    used 4667K, capacity 4884K, committed 4952K, reserved 1048576K
Event: 6.621 GC heap after
Heap after GC invocations=7 (full 1):
 PSYoungGen      total 148992K, used 6957K [0x00000000e0000000, 0x00000000ee300000, 0x0000000100000000)
  eden space 135168K, 0% used [0x00000000e0000000,0x00000000e0000000,0x00000000e8400000)
  from space 13824K, 50% used [0x00000000e9100000,0x00000000e97cb790,0x00000000e9e80000)
  to   space 13312K, 0% used [0x00000000e8400000,0x00000000e8400000,0x00000000e9100000)
 ParOldGen       total 73216K, used 21338K [0x00000000a0000000, 0x00000000a4780000, 0x00000000e0000000)
  object space 73216K, 29% used [0x00000000a0000000,0x00000000a14d6b50,0x00000000a4780000)
 Metaspace       used 34589K, capacity 35210K, committed 35416K, reserved 1079296K
  class space    used 4667K, capacity 4884K, committed 4952K, reserved 1048576K
}
Event: 6.621 GC heap before
{Heap before GC invocations=8 (full 2):
 PSYoungGen      total 148992K, used 6957K [0x00000000e0000000, 0x00000000ee300000, 0x0000000100000000)
  eden space 135168K, 0% used [0x00000000e0000000,0x00000000e0000000,0x00000000e8400000)
  from space 13824K, 50% used [0x00000000e9100000,0x00000000e97cb790,0x00000000e9e80000)
  to   space 13312K, 0% used [0x00000000e8400000,0x00000000e8400000,0x00000000e9100000)
 ParOldGen       total 73216K, used 21338K [0x00000000a0000000, 0x00000000a4780000, 0x00000000e0000000)
  object space 73216K, 29% used [0x00000000a0000000,0x00000000a14d6b50,0x00000000a4780000)
 Metaspace       used 34589K, capacity 35210K, committed 35416K, reserved 1079296K
  class space    used 4667K, capacity 4884K, committed 4952K, reserved 1048576K
Event: 6.706 GC heap after
Heap after GC invocations=8 (full 2):
 PSYoungGen      total 148992K, used 0K [0x00000000e0000000, 0x00000000ee300000, 0x0000000100000000)
  eden space 135168K, 0% used [0x00000000e0000000,0x00000000e0000000,0x00000000e8400000)
  from space 13824K, 0% used [0x00000000e9100000,0x00000000e9100000,0x00000000e9e80000)
  to   space 13312K, 0% used [0x00000000e8400000,0x00000000e8400000,0x00000000e9100000)
 ParOldGen       total 108032K, used 18932K [0x00000000a0000000, 0x00000000a6980000, 0x00000000e0000000)
  object space 108032K, 17% used [0x00000000a0000000,0x00000000a127d138,0x00000000a6980000)
 Metaspace       used 34589K, capacity 35210K, committed 35416K, reserved 1079296K
  class space    used 4667K, capacity 4884K, committed 4952K, reserved 1048576K
}
Event: 8.225 GC heap before
{Heap before GC invocations=9 (full 2):
 PSYoungGen      total 148992K, used 135168K [0x00000000e0000000, 0x00000000ee300000, 0x0000000100000000)
  eden space 135168K, 100% used [0x00000000e0000000,0x00000000e8400000,0x00000000e8400000)
  from space 13824K, 0% used [0x00000000e9100000,0x00000000e9100000,0x00000000e9e80000)
  to   space 13312K, 0% used [0x00000000e8400000,0x00000000e8400000,0x00000000e9100000)
 ParOldGen       total 108032K, used 18932K [0x00000000a0000000, 0x00000000a6980000, 0x00000000e0000000)
  object space 108032K, 17% used [0x00000000a0000000,0x00000000a127d138,0x00000000a6980000)
 Metaspace       used 43025K, capacity 43964K, committed 44248K, reserved 1087488K
  class space    used 5791K, capacity 6026K, committed 6104K, reserved 1048576K
Event: 8.239 GC heap after
Heap after GC invocations=9 (full 2):
 PSYoungGen      total 148480K, used 12124K [0x00000000e0000000, 0x00000000edc80000, 0x0000000100000000)
  eden space 135168K, 0% used [0x00000000e0000000,0x00000000e0000000,0x00000000e8400000)
  from space 13312K, 91% used [0x00000000e8400000,0x00000000e8fd72d8,0x00000000e9100000)
  to   space 14848K, 0% used [0x00000000ece00000,0x00000000ece00000,0x00000000edc80000)
 ParOldGen       total 108032K, used 18940K [0x00000000a0000000, 0x00000000a6980000, 0x00000000e0000000)
  object space 108032K, 17% used [0x00000000a0000000,0x00000000a127f138,0x00000000a6980000)
 Metaspace       used 43025K, capacity 43964K, committed 44248K, reserved 1087488K
  class space    used 5791K, capacity 6026K, committed 6104K, reserved 1048576K
}
Event: 10.104 GC heap before
{Heap before GC invocations=10 (full 2):
 PSYoungGen      total 148480K, used 147292K [0x00000000e0000000, 0x00000000edc80000, 0x0000000100000000)
  eden space 135168K, 100% used [0x00000000e0000000,0x00000000e8400000,0x00000000e8400000)
  from space 13312K, 91% used [0x00000000e8400000,0x00000000e8fd72d8,0x00000000e9100000)
  to   space 14848K, 0% used [0x00000000ece00000,0x00000000ece00000,0x00000000edc80000)
 ParOldGen       total 108032K, used 18940K [0x00000000a0000000, 0x00000000a6980000, 0x00000000e0000000)
  object space 108032K, 17% used [0x00000000a0000000,0x00000000a127f138,0x00000000a6980000)
 Metaspace       used 49507K, capacity 51102K, committed 51288K, reserved 1093632K
  class space    used 6776K, capacity 7160K, committed 7256K, reserved 1048576K
Event: 10.148 GC heap after
Heap after GC invocations=10 (full 2):
 PSYoungGen      total 206336K, used 14832K [0x00000000e0000000, 0x00000000ee980000, 0x0000000100000000)
  eden space 191488K, 0% used [0x00000000e0000000,0x00000000e0000000,0x00000000ebb00000)
  from space 14848K, 99% used [0x00000000ece00000,0x00000000edc7c008,0x00000000edc80000)
  to   space 19456K, 0% used [0x00000000ebb00000,0x00000000ebb00000,0x00000000ece00000)
 ParOldGen       total 108032K, used 25709K [0x00000000a0000000, 0x00000000a6980000, 0x00000000e0000000)
  object space 108032K, 23% used [0x00000000a0000000,0x00000000a191b520,0x00000000a6980000)
 Metaspace       used 49507K, capacity 51102K, committed 51288K, reserved 1093632K
  class space    used 6776K, capacity 7160K, committed 7256K, reserved 1048576K
}
Event: 15.827 GC heap before
{Heap before GC invocations=11 (full 2):
 PSYoungGen      total 206336K, used 206320K [0x00000000e0000000, 0x00000000ee980000, 0x0000000100000000)
  eden space 191488K, 100% used [0x00000000e0000000,0x00000000ebb00000,0x00000000ebb00000)
  from space 14848K, 99% used [0x00000000ece00000,0x00000000edc7c008,0x00000000edc80000)
  to   space 19456K, 0% used [0x00000000ebb00000,0x00000000ebb00000,0x00000000ece00000)
 ParOldGen       total 108032K, used 25709K [0x00000000a0000000, 0x00000000a6980000, 0x00000000e0000000)
  object space 108032K, 23% used [0x00000000a0000000,0x00000000a191b520,0x00000000a6980000)
 Metaspace       used 54881K, capacity 57310K, committed 57432K, reserved 1099776K
  class space    used 7466K, capacity 7977K, committed 8024K, reserved 1048576K

