# JRE version: OpenJDK Runtime Environment (8.0_112-b06) (build 1.8.0_112-release-b06)
# Java VM: OpenJDK 64-Bit Server VM (25.112-b06 mixed mode windows-amd64 compressed oops)
Heap:
 PSYoungGen      total 102400K, used 92160K [0x00000000e0000000, 0x00000000e9380000, 0x0000000100000000)
  eden space 92160K, 100% used [0x00000000e0000000,0x00000000e5a00000,0x00000000e5a00000)
  from space 10240K, 0% used [0x00000000e5a00000,0x00000000e5a00000,0x00000000e6400000)
  to   space 12288K, 49% used [0x00000000e8780000,0x00000000e8d6a360,0x00000000e9380000)
 ParOldGen       total 103936K, used 17772K [0x00000000a0000000, 0x00000000a6580000, 0x00000000e0000000)
  object space 103936K, 17% used [0x00000000a0000000,0x00000000a115b2e0,0x00000000a6580000)
 Metaspace       used 42112K, capacity 42880K, committed 43264K, reserved 1087488K
  class space    used 5641K, capacity 5849K, committed 5888K, reserved 1048576K
GC Heap History (10 events):
Event: 1.752 GC heap after
Heap after GC invocations=5 (full 1):
 PSYoungGen      total 71680K, used 0K [0x00000000e0000000, 0x00000000e4b00000, 0x0000000100000000)
  eden space 66560K, 0% used [0x00000000e0000000,0x00000000e0000000,0x00000000e4100000)
  from space 5120K, 0% used [0x00000000e4600000,0x00000000e4600000,0x00000000e4b00000)
  to   space 5120K, 0% used [0x00000000e4100000,0x00000000e4100000,0x00000000e4600000)
 ParOldGen       total 65536K, used 8952K [0x00000000a0000000, 0x00000000a4000000, 0x00000000e0000000)
  object space 65536K, 13% used [0x00000000a0000000,0x00000000a08be080,0x00000000a4000000)
 Metaspace       used 20791K, capacity 21112K, committed 21296K, reserved 1067008K
  class space    used 2757K, capacity 2869K, committed 2944K, reserved 1048576K
}
Event: 2.433 GC heap before
{Heap before GC invocations=6 (full 1):
 PSYoungGen      total 71680K, used 66560K [0x00000000e0000000, 0x00000000e4b00000, 0x0000000100000000)
  eden space 66560K, 100% used [0x00000000e0000000,0x00000000e4100000,0x00000000e4100000)
  from space 5120K, 0% used [0x00000000e4600000,0x00000000e4600000,0x00000000e4b00000)
  to   space 5120K, 0% used [0x00000000e4100000,0x00000000e4100000,0x00000000e4600000)
 ParOldGen       total 65536K, used 8952K [0x00000000a0000000, 0x00000000a4000000, 0x00000000e0000000)
  object space 65536K, 13% used [0x00000000a0000000,0x00000000a08be080,0x00000000a4000000)
 Metaspace       used 25963K, capacity 26380K, committed 26496K, reserved 1073152K
  class space    used 3584K, capacity 3697K, committed 3712K, reserved 1048576K
Event: 2.439 GC heap after
Heap after GC invocations=6 (full 1):
 PSYoungGen      total 71680K, used 5100K [0x00000000e0000000, 0x00000000e7180000, 0x0000000100000000)
  eden space 66560K, 0% used [0x00000000e0000000,0x00000000e0000000,0x00000000e4100000)
  from space 5120K, 99% used [0x00000000e4100000,0x00000000e45fb2d0,0x00000000e4600000)
  to   space 10752K, 0% used [0x00000000e6700000,0x00000000e6700000,0x00000000e7180000)
 ParOldGen       total 65536K, used 11976K [0x00000000a0000000, 0x00000000a4000000, 0x00000000e0000000)
  object space 65536K, 18% used [0x00000000a0000000,0x00000000a0bb2328,0x00000000a4000000)
 Metaspace       used 25963K, capacity 26380K, committed 26496K, reserved 1073152K
  class space    used 3584K, capacity 3697K, committed 3712K, reserved 1048576K
}
Event: 3.542 GC heap before
{Heap before GC invocations=7 (full 1):
 PSYoungGen      total 71680K, used 71660K [0x00000000e0000000, 0x00000000e7180000, 0x0000000100000000)
  eden space 66560K, 100% used [0x00000000e0000000,0x00000000e4100000,0x00000000e4100000)
  from space 5120K, 99% used [0x00000000e4100000,0x00000000e45fb2d0,0x00000000e4600000)
  to   space 10752K, 0% used [0x00000000e6700000,0x00000000e6700000,0x00000000e7180000)
 ParOldGen       total 65536K, used 11976K [0x00000000a0000000, 0x00000000a4000000, 0x00000000e0000000)
  object space 65536K, 18% used [0x00000000a0000000,0x00000000a0bb2328,0x00000000a4000000)
 Metaspace       used 29419K, capacity 29870K, committed 30080K, reserved 1075200K
  class space    used 4001K, capacity 4153K, committed 4224K, reserved 1048576K
Event: 3.550 GC heap after
Heap after GC invocations=7 (full 1):
 PSYoungGen      total 98304K, used 6769K [0x00000000e0000000, 0x00000000e6e00000, 0x0000000100000000)
  eden space 91136K, 0% used [0x00000000e0000000,0x00000000e0000000,0x00000000e5900000)
  from space 7168K, 94% used [0x00000000e6700000,0x00000000e6d9c678,0x00000000e6e00000)
  to   space 10240K, 0% used [0x00000000e5a00000,0x00000000e5a00000,0x00000000e6400000)
 ParOldGen       total 65536K, used 12056K [0x00000000a0000000, 0x00000000a4000000, 0x00000000e0000000)
  object space 65536K, 18% used [0x00000000a0000000,0x00000000a0bc6338,0x00000000a4000000)
 Metaspace       used 29419K, capacity 29870K, committed 30080K, reserved 1075200K
  class space    used 4001K, capacity 4153K, committed 4224K, reserved 1048576K
}
Event: 4.160 GC heap before
{Heap before GC invocations=8 (full 1):
 PSYoungGen      total 98304K, used 77701K [0x00000000e0000000, 0x00000000e6e00000, 0x0000000100000000)
  eden space 91136K, 77% used [0x00000000e0000000,0x00000000e4544de0,0x00000000e5900000)
  from space 7168K, 94% used [0x00000000e6700000,0x00000000e6d9c678,0x00000000e6e00000)
  to   space 10240K, 0% used [0x00000000e5a00000,0x00000000e5a00000,0x00000000e6400000)
 ParOldGen       total 65536K, used 12056K [0x00000000a0000000, 0x00000000a4000000, 0x00000000e0000000)
  object space 65536K, 18% used [0x00000000a0000000,0x00000000a0bc6338,0x00000000a4000000)
 Metaspace       used 34816K, capacity 35334K, committed 35496K, reserved 1079296K
  class space    used 4657K, capacity 4849K, committed 4864K, reserved 1048576K
Event: 4.186 GC heap after
Heap after GC invocations=8 (full 1):
 PSYoungGen      total 102400K, used 10239K [0x00000000e0000000, 0x00000000e9380000, 0x0000000100000000)
  eden space 92160K, 0% used [0x00000000e0000000,0x00000000e0000000,0x00000000e5a00000)
  from space 10240K, 99% used [0x00000000e5a00000,0x00000000e63fff58,0x00000000e6400000)
  to   space 12288K, 0% used [0x00000000e8780000,0x00000000e8780000,0x00000000e9380000)
 ParOldGen       total 65536K, used 13497K [0x00000000a0000000, 0x00000000a4000000, 0x00000000e0000000)
  object space 65536K, 20% used [0x00000000a0000000,0x00000000a0d2e470,0x00000000a4000000)
 Metaspace       used 34816K, capacity 35334K, committed 35496K, reserved 1079296K
  class space    used 4657K, capacity 4849K, committed 4864K, reserved 1048576K
}
Event: 4.186 GC heap before
{Heap before GC invocations=9 (full 2):
 PSYoungGen      total 102400K, used 10239K [0x00000000e0000000, 0x00000000e9380000, 0x0000000100000000)
  eden space 92160K, 0% used [0x00000000e0000000,0x00000000e0000000,0x00000000e5a00000)
  from space 10240K, 99% used [0x00000000e5a00000,0x00000000e63fff58,0x00000000e6400000)
  to   space 12288K, 0% used [0x00000000e8780000,0x00000000e8780000,0x00000000e9380000)
 ParOldGen       total 65536K, used 13497K [0x00000000a0000000, 0x00000000a4000000, 0x00000000e0000000)
  object space 65536K, 20% used [0x00000000a0000000,0x00000000a0d2e470,0x00000000a4000000)
 Metaspace       used 34816K, capacity 35334K, committed 35496K, reserved 1079296K
  class space    used 4657K, capacity 4849K, committed 4864K, reserved 1048576K
Event: 4.288 GC heap after
Heap after GC invocations=9 (full 2):
 PSYoungGen      total 102400K, used 0K [0x00000000e0000000, 0x00000000e9380000, 0x0000000100000000)
  eden space 92160K, 0% used [0x00000000e0000000,0x00000000e0000000,0x00000000e5a00000)
  from space 10240K, 0% used [0x00000000e5a00000,0x00000000e5a00000,0x00000000e6400000)
  to   space 12288K, 0% used [0x00000000e8780000,0x00000000e8780000,0x00000000e9380000)
 ParOldGen       total 103936K, used 17764K [0x00000000a0000000, 0x00000000a6580000, 0x00000000e0000000)
  object space 103936K, 17% used [0x00000000a0000000,0x00000000a11592e0,0x00000000a6580000)
 Metaspace       used 34816K, capacity 35334K, committed 35496K, reserved 1079296K
  class space    used 4657K, capacity 4849K, committed 4864K, reserved 1048576K
}
Event: 5.211 GC heap before
{Heap before GC invocations=10 (full 2):
 PSYoungGen      total 102400K, used 92160K [0x00000000e0000000, 0x00000000e9380000, 0x0000000100000000)
  eden space 92160K, 100% used [0x00000000e0000000,0x00000000e5a00000,0x00000000e5a00000)
  from space 10240K, 0% used [0x00000000e5a00000,0x00000000e5a00000,0x00000000e6400000)
  to   space 12288K, 0% used [0x00000000e8780000,0x00000000e8780000,0x00000000e9380000)
 ParOldGen       total 103936K, used 17764K [0x00000000a0000000, 0x00000000a6580000, 0x00000000e0000000)
  object space 103936K, 17% used [0x00000000a0000000,0x00000000a11592e0,0x00000000a6580000)
 Metaspace       used 42112K, capacity 42880K, committed 43264K, reserved 1087488K
  class space    used 5641K, capacity 5849K, committed 5888K, reserved 1048576K

