# JRE version: OpenJDK Runtime Environment (8.0_112-b06) (build 1.8.0_112-release-b06)
# Java VM: OpenJDK 64-Bit Server VM (25.112-b06 mixed mode windows-amd64 compressed oops)
Heap:
 PSYoungGen      total 453120K, used 370504K [0x00000000e0000000, 0x00000000ff880000, 0x0000000100000000)
  eden space 399872K, 85% used [0x00000000e0000000,0x00000000f4cd65b8,0x00000000f8680000)
  from space 53248K, 55% used [0x00000000fc480000,0x00000000fe17bb00,0x00000000ff880000)
  to   space 58368K, 0% used [0x00000000f8680000,0x00000000f8680000,0x00000000fbf80000)
 ParOldGen       total 166912K, used 45572K [0x00000000a0000000, 0x00000000aa300000, 0x00000000e0000000)
  object space 166912K, 27% used [0x00000000a0000000,0x00000000a2c81150,0x00000000aa300000)
 Metaspace       used 68525K, capacity 71284K, committed 71552K, reserved 1112064K
  class space    used 8542K, capacity 9010K, committed 9088K, reserved 1048576K
GC Heap History (10 events):
Event: 176.183 GC heap before
{Heap before GC invocations=20 (full 4):
 PSYoungGen      total 423424K, used 32526K [0x00000000e0000000, 0x00000000fdd00000, 0x0000000100000000)
  eden space 370176K, 0% used [0x00000000e0000000,0x00000000e0000000,0x00000000f6980000)
  from space 53248K, 61% used [0x00000000f9e00000,0x00000000fbdc3a50,0x00000000fd200000)
  to   space 53760K, 0% used [0x00000000f6980000,0x00000000f6980000,0x00000000f9e00000)
 ParOldGen       total 104960K, used 92353K [0x00000000a0000000, 0x00000000a6680000, 0x00000000e0000000)
  object space 104960K, 87% used [0x00000000a0000000,0x00000000a5a305d0,0x00000000a6680000)
 Metaspace       used 67749K, capacity 70114K, committed 70400K, reserved 1110016K
  class space    used 8508K, capacity 8931K, committed 8960K, reserved 1048576K
Event: 176.368 GC heap after
Heap after GC invocations=20 (full 4):
 PSYoungGen      total 423424K, used 0K [0x00000000e0000000, 0x00000000fdd00000, 0x0000000100000000)
  eden space 370176K, 0% used [0x00000000e0000000,0x00000000e0000000,0x00000000f6980000)
  from space 53248K, 0% used [0x00000000f9e00000,0x00000000f9e00000,0x00000000fd200000)
  to   space 53760K, 0% used [0x00000000f6980000,0x00000000f6980000,0x00000000f9e00000)
 ParOldGen       total 166912K, used 45548K [0x00000000a0000000, 0x00000000aa300000, 0x00000000e0000000)
  object space 166912K, 27% used [0x00000000a0000000,0x00000000a2c7b150,0x00000000aa300000)
 Metaspace       used 67489K, capacity 69796K, committed 70400K, reserved 1110016K
  class space    used 8486K, capacity 8890K, committed 8960K, reserved 1048576K
}
Event: 180.522 GC heap before
{Heap before GC invocations=21 (full 4):
 PSYoungGen      total 423424K, used 370176K [0x00000000e0000000, 0x00000000fdd00000, 0x0000000100000000)
  eden space 370176K, 100% used [0x00000000e0000000,0x00000000f6980000,0x00000000f6980000)
  from space 53248K, 0% used [0x00000000f9e00000,0x00000000f9e00000,0x00000000fd200000)
  to   space 53760K, 0% used [0x00000000f6980000,0x00000000f6980000,0x00000000f9e00000)
 ParOldGen       total 166912K, used 45548K [0x00000000a0000000, 0x00000000aa300000, 0x00000000e0000000)
  object space 166912K, 27% used [0x00000000a0000000,0x00000000a2c7b150,0x00000000aa300000)
 Metaspace       used 67558K, capacity 69902K, committed 70400K, reserved 1110016K
  class space    used 8490K, capacity 8897K, committed 8960K, reserved 1048576K
Event: 180.565 GC heap after
Heap after GC invocations=21 (full 4):
 PSYoungGen      total 423936K, used 38456K [0x00000000e0000000, 0x0000000100000000, 0x0000000100000000)
  eden space 370176K, 0% used [0x00000000e0000000,0x00000000e0000000,0x00000000f6980000)
  from space 53760K, 71% used [0x00000000f6980000,0x00000000f8f0e038,0x00000000f9e00000)
  to   space 56320K, 0% used [0x00000000fc900000,0x00000000fc900000,0x0000000100000000)
 ParOldGen       total 166912K, used 45548K [0x00000000a0000000, 0x00000000aa300000, 0x00000000e0000000)
  object space 166912K, 27% used [0x00000000a0000000,0x00000000a2c7b150,0x00000000aa300000)
 Metaspace       used 67558K, capacity 69902K, committed 70400K, reserved 1110016K
  class space    used 8490K, capacity 8897K, committed 8960K, reserved 1048576K
}
Event: 204.352 GC heap before
{Heap before GC invocations=22 (full 4):
 PSYoungGen      total 423936K, used 408632K [0x00000000e0000000, 0x0000000100000000, 0x0000000100000000)
  eden space 370176K, 100% used [0x00000000e0000000,0x00000000f6980000,0x00000000f6980000)
  from space 53760K, 71% used [0x00000000f6980000,0x00000000f8f0e038,0x00000000f9e00000)
  to   space 56320K, 0% used [0x00000000fc900000,0x00000000fc900000,0x0000000100000000)
 ParOldGen       total 166912K, used 45548K [0x00000000a0000000, 0x00000000aa300000, 0x00000000e0000000)
  object space 166912K, 27% used [0x00000000a0000000,0x00000000a2c7b150,0x00000000aa300000)
 Metaspace       used 68043K, capacity 70658K, committed 70784K, reserved 1112064K
  class space    used 8527K, capacity 8989K, committed 9088K, reserved 1048576K
Event: 204.416 GC heap after
Heap after GC invocations=22 (full 4):
 PSYoungGen      total 453632K, used 51931K [0x00000000e0000000, 0x0000000100000000, 0x0000000100000000)
  eden space 397312K, 0% used [0x00000000e0000000,0x00000000e0000000,0x00000000f8400000)
  from space 56320K, 92% used [0x00000000fc900000,0x00000000ffbb6c38,0x0000000100000000)
  to   space 63488K, 0% used [0x00000000f8400000,0x00000000f8400000,0x00000000fc200000)
 ParOldGen       total 166912K, used 45556K [0x00000000a0000000, 0x00000000aa300000, 0x00000000e0000000)
  object space 166912K, 27% used [0x00000000a0000000,0x00000000a2c7d150,0x00000000aa300000)
 Metaspace       used 68043K, capacity 70658K, committed 70784K, reserved 1112064K
  class space    used 8527K, capacity 8989K, committed 9088K, reserved 1048576K
}
Event: 205.340 GC heap before
{Heap before GC invocations=23 (full 4):
 PSYoungGen      total 453632K, used 449243K [0x00000000e0000000, 0x0000000100000000, 0x0000000100000000)
  eden space 397312K, 100% used [0x00000000e0000000,0x00000000f8400000,0x00000000f8400000)
  from space 56320K, 92% used [0x00000000fc900000,0x00000000ffbb6c38,0x0000000100000000)
  to   space 63488K, 0% used [0x00000000f8400000,0x00000000f8400000,0x00000000fc200000)
 ParOldGen       total 166912K, used 45556K [0x00000000a0000000, 0x00000000aa300000, 0x00000000e0000000)
  object space 166912K, 27% used [0x00000000a0000000,0x00000000a2c7d150,0x00000000aa300000)
 Metaspace       used 68080K, capacity 70722K, committed 71040K, reserved 1112064K
  class space    used 8527K, capacity 8989K, committed 9088K, reserved 1048576K
Event: 205.369 GC heap after
Heap after GC invocations=23 (full 4):
 PSYoungGen      total 460800K, used 30502K [0x00000000e0000000, 0x0000000100000000, 0x0000000100000000)
  eden space 397312K, 0% used [0x00000000e0000000,0x00000000e0000000,0x00000000f8400000)
  from space 63488K, 48% used [0x00000000f8400000,0x00000000fa1c9a50,0x00000000fc200000)
  to   space 60928K, 0% used [0x00000000fc480000,0x00000000fc480000,0x0000000100000000)
 ParOldGen       total 166912K, used 45564K [0x00000000a0000000, 0x00000000aa300000, 0x00000000e0000000)
  object space 166912K, 27% used [0x00000000a0000000,0x00000000a2c7f150,0x00000000aa300000)
 Metaspace       used 68080K, capacity 70722K, committed 71040K, reserved 1112064K
  class space    used 8527K, capacity 8989K, committed 9088K, reserved 1048576K
}
Event: 267.775 GC heap before
{Heap before GC invocations=24 (full 4):
 PSYoungGen      total 460800K, used 427814K [0x00000000e0000000, 0x0000000100000000, 0x0000000100000000)
  eden space 397312K, 100% used [0x00000000e0000000,0x00000000f8400000,0x00000000f8400000)
  from space 63488K, 48% used [0x00000000f8400000,0x00000000fa1c9a50,0x00000000fc200000)
  to   space 60928K, 0% used [0x00000000fc480000,0x00000000fc480000,0x0000000100000000)
 ParOldGen       total 166912K, used 45564K [0x00000000a0000000, 0x00000000aa300000, 0x00000000e0000000)
  object space 166912K, 27% used [0x00000000a0000000,0x00000000a2c7f150,0x00000000aa300000)
 Metaspace       used 68368K, capacity 71134K, committed 71296K, reserved 1112064K
  class space    used 8540K, capacity 9007K, committed 9088K, reserved 1048576K
Event: 267.805 GC heap after
Heap after GC invocations=24 (full 4):
 PSYoungGen      total 453120K, used 29678K [0x00000000e0000000, 0x00000000ff880000, 0x0000000100000000)
  eden space 399872K, 0% used [0x00000000e0000000,0x00000000e0000000,0x00000000f8680000)
  from space 53248K, 55% used [0x00000000fc480000,0x00000000fe17bb00,0x00000000ff880000)
  to   space 58368K, 0% used [0x00000000f8680000,0x00000000f8680000,0x00000000fbf80000)
 ParOldGen       total 166912K, used 45572K [0x00000000a0000000, 0x00000000aa300000, 0x00000000e0000000)
  object space 166912K, 27% used [0x00000000a0000000,0x00000000a2c81150,0x00000000aa300000)
 Metaspace       used 68368K, capacity 71134K, committed 71296K, reserved 1112064K
  class space    used 8540K, capacity 9007K, committed 9088K, reserved 1048576K
}

