# JRE version: OpenJDK Runtime Environment (8.0_112-b06) (build 1.8.0_112-release-b06)
# Java VM: OpenJDK 64-Bit Server VM (25.112-b06 mixed mode windows-amd64 compressed oops)
Heap:
 PSYoungGen      total 180736K, used 68574K [0x00000000e0000000, 0x00000000ee700000, 0x0000000100000000)
  eden space 153088K, 40% used [0x00000000e0000000,0x00000000e3c98ae0,0x00000000e9580000)
  from space 27648K, 23% used [0x00000000e9580000,0x00000000e9bdf050,0x00000000eb080000)
  to   space 27648K, 0% used [0x00000000ecc00000,0x00000000ecc00000,0x00000000ee700000)
 ParOldGen       total 176128K, used 45363K [0x00000000a0000000, 0x00000000aac00000, 0x00000000e0000000)
  object space 176128K, 25% used [0x00000000a0000000,0x00000000a2c4cca0,0x00000000aac00000)
 Metaspace       used 57705K, capacity 60542K, committed 60888K, reserved 1101824K
  class space    used 7726K, capacity 8306K, committed 8408K, reserved 1048576K
GC Heap History (10 events):
Event: 11.563 GC heap before
{Heap before GC invocations=12 (full 2):
 PSYoungGen      total 123904K, used 123903K [0x00000000e0000000, 0x00000000ea200000, 0x0000000100000000)
  eden space 111616K, 100% used [0x00000000e0000000,0x00000000e6d00000,0x00000000e6d00000)
  from space 12288K, 99% used [0x00000000e6d00000,0x00000000e78ffe78,0x00000000e7900000)
  to   space 14848K, 0% used [0x00000000e9380000,0x00000000e9380000,0x00000000ea200000)
 ParOldGen       total 111104K, used 20587K [0x00000000a0000000, 0x00000000a6c80000, 0x00000000e0000000)
  object space 111104K, 18% used [0x00000000a0000000,0x00000000a141af68,0x00000000a6c80000)
 Metaspace       used 50395K, capacity 52206K, committed 52440K, reserved 1093632K
  class space    used 6950K, capacity 7344K, committed 7384K, reserved 1048576K
Event: 11.588 GC heap after
Heap after GC invocations=12 (full 2):
 PSYoungGen      total 145408K, used 14819K [0x00000000e0000000, 0x00000000eae00000, 0x0000000100000000)
  eden space 130560K, 0% used [0x00000000e0000000,0x00000000e0000000,0x00000000e7f80000)
  from space 14848K, 99% used [0x00000000e9380000,0x00000000ea1f8c98,0x00000000ea200000)
  to   space 20480K, 0% used [0x00000000e7f80000,0x00000000e7f80000,0x00000000e9380000)
 ParOldGen       total 111104K, used 30642K [0x00000000a0000000, 0x00000000a6c80000, 0x00000000e0000000)
  object space 111104K, 27% used [0x00000000a0000000,0x00000000a1dec960,0x00000000a6c80000)
 Metaspace       used 50395K, capacity 52206K, committed 52440K, reserved 1093632K
  class space    used 6950K, capacity 7344K, committed 7384K, reserved 1048576K
}
Event: 16.000 GC heap before
{Heap before GC invocations=13 (full 2):
 PSYoungGen      total 145408K, used 145379K [0x00000000e0000000, 0x00000000eae00000, 0x0000000100000000)
  eden space 130560K, 100% used [0x00000000e0000000,0x00000000e7f80000,0x00000000e7f80000)
  from space 14848K, 99% used [0x00000000e9380000,0x00000000ea1f8c98,0x00000000ea200000)
  to   space 20480K, 0% used [0x00000000e7f80000,0x00000000e7f80000,0x00000000e9380000)
 ParOldGen       total 111104K, used 30642K [0x00000000a0000000, 0x00000000a6c80000, 0x00000000e0000000)
  object space 111104K, 27% used [0x00000000a0000000,0x00000000a1dec960,0x00000000a6c80000)
 Metaspace       used 53906K, capacity 56202K, committed 56536K, reserved 1097728K
  class space    used 7320K, capacity 7806K, committed 7896K, reserved 1048576K
Event: 16.034 GC heap after
Heap after GC invocations=13 (full 2):
 PSYoungGen      total 151040K, used 20464K [0x00000000e0000000, 0x00000000ecb80000, 0x0000000100000000)
  eden space 130560K, 0% used [0x00000000e0000000,0x00000000e0000000,0x00000000e7f80000)
  from space 20480K, 99% used [0x00000000e7f80000,0x00000000e937c240,0x00000000e9380000)
  to   space 25088K, 0% used [0x00000000eb300000,0x00000000eb300000,0x00000000ecb80000)
 ParOldGen       total 111104K, used 36491K [0x00000000a0000000, 0x00000000a6c80000, 0x00000000e0000000)
  object space 111104K, 32% used [0x00000000a0000000,0x00000000a23a2d28,0x00000000a6c80000)
 Metaspace       used 53906K, capacity 56202K, committed 56536K, reserved 1097728K
  class space    used 7320K, capacity 7806K, committed 7896K, reserved 1048576K
}
Event: 151.189 GC heap before
{Heap before GC invocations=14 (full 2):
 PSYoungGen      total 151040K, used 117049K [0x00000000e0000000, 0x00000000ecb80000, 0x0000000100000000)
  eden space 130560K, 73% used [0x00000000e0000000,0x00000000e5e52538,0x00000000e7f80000)
  from space 20480K, 99% used [0x00000000e7f80000,0x00000000e937c240,0x00000000e9380000)
  to   space 25088K, 0% used [0x00000000eb300000,0x00000000eb300000,0x00000000ecb80000)
 ParOldGen       total 111104K, used 36491K [0x00000000a0000000, 0x00000000a6c80000, 0x00000000e0000000)
  object space 111104K, 32% used [0x00000000a0000000,0x00000000a23a2d28,0x00000000a6c80000)
 Metaspace       used 56384K, capacity 58888K, committed 59028K, reserved 1099776K
  class space    used 7638K, capacity 8144K, committed 8152K, reserved 1048576K
Event: 151.220 GC heap after
Heap after GC invocations=14 (full 2):
 PSYoungGen      total 178176K, used 22256K [0x00000000e0000000, 0x00000000ecb80000, 0x0000000100000000)
  eden space 153088K, 0% used [0x00000000e0000000,0x00000000e0000000,0x00000000e9580000)
  from space 25088K, 88% used [0x00000000eb300000,0x00000000ec8bc260,0x00000000ecb80000)
  to   space 27648K, 0% used [0x00000000e9580000,0x00000000e9580000,0x00000000eb080000)
 ParOldGen       total 111104K, used 39455K [0x00000000a0000000, 0x00000000a6c80000, 0x00000000e0000000)
  object space 111104K, 35% used [0x00000000a0000000,0x00000000a2687d38,0x00000000a6c80000)
 Metaspace       used 56384K, capacity 58888K, committed 59028K, reserved 1099776K
  class space    used 7638K, capacity 8144K, committed 8152K, reserved 1048576K
}
Event: 151.220 GC heap before
{Heap before GC invocations=15 (full 3):
 PSYoungGen      total 178176K, used 22256K [0x00000000e0000000, 0x00000000ecb80000, 0x0000000100000000)
  eden space 153088K, 0% used [0x00000000e0000000,0x00000000e0000000,0x00000000e9580000)
  from space 25088K, 88% used [0x00000000eb300000,0x00000000ec8bc260,0x00000000ecb80000)
  to   space 27648K, 0% used [0x00000000e9580000,0x00000000e9580000,0x00000000eb080000)
 ParOldGen       total 111104K, used 39455K [0x00000000a0000000, 0x00000000a6c80000, 0x00000000e0000000)
  object space 111104K, 35% used [0x00000000a0000000,0x00000000a2687d38,0x00000000a6c80000)
 Metaspace       used 56384K, capacity 58888K, committed 59028K, reserved 1099776K
  class space    used 7638K, capacity 8144K, committed 8152K, reserved 1048576K
Event: 151.715 GC heap after
Heap after GC invocations=15 (full 3):
 PSYoungGen      total 178176K, used 0K [0x00000000e0000000, 0x00000000ecb80000, 0x0000000100000000)
  eden space 153088K, 0% used [0x00000000e0000000,0x00000000e0000000,0x00000000e9580000)
  from space 25088K, 0% used [0x00000000eb300000,0x00000000eb300000,0x00000000ecb80000)
  to   space 27648K, 0% used [0x00000000e9580000,0x00000000e9580000,0x00000000eb080000)
 ParOldGen       total 176128K, used 45355K [0x00000000a0000000, 0x00000000aac00000, 0x00000000e0000000)
  object space 176128K, 25% used [0x00000000a0000000,0x00000000a2c4aca0,0x00000000aac00000)
 Metaspace       used 56384K, capacity 58888K, committed 59028K, reserved 1099776K
  class space    used 7638K, capacity 8144K, committed 8152K, reserved 1048576K
}
Event: 400.735 GC heap before
{Heap before GC invocations=16 (full 3):
 PSYoungGen      total 178176K, used 153088K [0x00000000e0000000, 0x00000000ecb80000, 0x0000000100000000)
  eden space 153088K, 100% used [0x00000000e0000000,0x00000000e9580000,0x00000000e9580000)
  from space 25088K, 0% used [0x00000000eb300000,0x00000000eb300000,0x00000000ecb80000)
  to   space 27648K, 0% used [0x00000000e9580000,0x00000000e9580000,0x00000000eb080000)
 ParOldGen       total 176128K, used 45355K [0x00000000a0000000, 0x00000000aac00000, 0x00000000e0000000)
  object space 176128K, 25% used [0x00000000a0000000,0x00000000a2c4aca0,0x00000000aac00000)
 Metaspace       used 57580K, capacity 60466K, committed 60632K, reserved 1101824K
  class space    used 7724K, capacity 8304K, committed 8408K, reserved 1048576K
Event: 401.052 GC heap after
Heap after GC invocations=16 (full 3):
 PSYoungGen      total 180736K, used 6524K [0x00000000e0000000, 0x00000000ee700000, 0x0000000100000000)
  eden space 153088K, 0% used [0x00000000e0000000,0x00000000e0000000,0x00000000e9580000)
  from space 27648K, 23% used [0x00000000e9580000,0x00000000e9bdf050,0x00000000eb080000)
  to   space 27648K, 0% used [0x00000000ecc00000,0x00000000ecc00000,0x00000000ee700000)
 ParOldGen       total 176128K, used 45363K [0x00000000a0000000, 0x00000000aac00000, 0x00000000e0000000)
  object space 176128K, 25% used [0x00000000a0000000,0x00000000a2c4cca0,0x00000000aac00000)
 Metaspace       used 57580K, capacity 60466K, committed 60632K, reserved 1101824K
  class space    used 7724K, capacity 8304K, committed 8408K, reserved 1048576K
}

