# JRE version: OpenJDK Runtime Environment (8.0_112-b06) (build 1.8.0_112-release-b06)
# Java VM: OpenJDK 64-Bit Server VM (25.112-b06 mixed mode windows-amd64 compressed oops)
Heap:
 PSYoungGen      total 455680K, used 73041K [0x00000000e0000000, 0x00000000ffe00000, 0x0000000100000000)
  eden space 393728K, 12% used [0x00000000e0000000,0x00000000e2e83148,0x00000000f8080000)
  from space 61952K, 41% used [0x00000000f8080000,0x00000000f9951558,0x00000000fbd00000)
  to   space 58880K, 0% used [0x00000000fc480000,0x00000000fc480000,0x00000000ffe00000)
 ParOldGen       total 214016K, used 117864K [0x00000000a0000000, 0x00000000ad100000, 0x00000000e0000000)
  object space 214016K, 55% used [0x00000000a0000000,0x00000000a731a120,0x00000000ad100000)
 Metaspace       used 91338K, capacity 103722K, committed 103768K, reserved 1138688K
  class space    used 12286K, capacity 13893K, committed 13912K, reserved 1048576K
GC Heap History (10 events):
Event: 31445.612 GC heap before
{Heap before GC invocations=59 (full 4):
 PSYoungGen      total 448512K, used 438886K [0x00000000e0000000, 0x0000000100000000, 0x0000000100000000)
  eden space 386048K, 99% used [0x00000000e0000000,0x00000000f7848cc8,0x00000000f7900000)
  from space 62464K, 85% used [0x00000000fc000000,0x00000000ff450de0,0x00000000ffd00000)
  to   space 69120K, 0% used [0x00000000f7900000,0x00000000f7900000,0x00000000fbc80000)
 ParOldGen       total 214016K, used 103594K [0x00000000a0000000, 0x00000000ad100000, 0x00000000e0000000)
  object space 214016K, 48% used [0x00000000a0000000,0x00000000a652ab48,0x00000000ad100000)
 Metaspace       used 86540K, capacity 96948K, committed 97112K, reserved 1134592K
  class space    used 11442K, capacity 12856K, committed 12888K, reserved 1048576K
Event: 31445.628 GC heap after
Heap after GC invocations=59 (full 4):
 PSYoungGen      total 455168K, used 17022K [0x00000000e0000000, 0x0000000100000000, 0x0000000100000000)
  eden space 386048K, 0% used [0x00000000e0000000,0x00000000e0000000,0x00000000f7900000)
  from space 69120K, 24% used [0x00000000f7900000,0x00000000f899f9d0,0x00000000fbc80000)
  to   space 67072K, 0% used [0x00000000fbe80000,0x00000000fbe80000,0x0000000100000000)
 ParOldGen       total 214016K, used 104190K [0x00000000a0000000, 0x00000000ad100000, 0x00000000e0000000)
  object space 214016K, 48% used [0x00000000a0000000,0x00000000a65bfb78,0x00000000ad100000)
 Metaspace       used 86540K, capacity 96948K, committed 97112K, reserved 1134592K
  class space    used 11442K, capacity 12856K, committed 12888K, reserved 1048576K
}
Event: 32526.667 GC heap before
{Heap before GC invocations=60 (full 4):
 PSYoungGen      total 455168K, used 403070K [0x00000000e0000000, 0x0000000100000000, 0x0000000100000000)
  eden space 386048K, 100% used [0x00000000e0000000,0x00000000f7900000,0x00000000f7900000)
  from space 69120K, 24% used [0x00000000f7900000,0x00000000f899f9d0,0x00000000fbc80000)
  to   space 67072K, 0% used [0x00000000fbe80000,0x00000000fbe80000,0x0000000100000000)
 ParOldGen       total 214016K, used 104190K [0x00000000a0000000, 0x00000000ad100000, 0x00000000e0000000)
  object space 214016K, 48% used [0x00000000a0000000,0x00000000a65bfb78,0x00000000ad100000)
 Metaspace       used 88212K, capacity 99318K, committed 99544K, reserved 1136640K
  class space    used 11744K, capacity 13244K, committed 13272K, reserved 1048576K
Event: 32527.872 GC heap after
Heap after GC invocations=60 (full 4):
 PSYoungGen      total 451072K, used 10400K [0x00000000e0000000, 0x00000000ffc00000, 0x0000000100000000)
  eden space 388096K, 0% used [0x00000000e0000000,0x00000000e0000000,0x00000000f7b00000)
  from space 62976K, 16% used [0x00000000fbe80000,0x00000000fc8a8020,0x00000000ffc00000)
  to   space 66048K, 0% used [0x00000000f7b00000,0x00000000f7b00000,0x00000000fbb80000)
 ParOldGen       total 214016K, used 108247K [0x00000000a0000000, 0x00000000ad100000, 0x00000000e0000000)
  object space 214016K, 50% used [0x00000000a0000000,0x00000000a69b5f00,0x00000000ad100000)
 Metaspace       used 88212K, capacity 99318K, committed 99544K, reserved 1136640K
  class space    used 11744K, capacity 13244K, committed 13272K, reserved 1048576K
}
Event: 33153.949 GC heap before
{Heap before GC invocations=61 (full 4):
 PSYoungGen      total 451072K, used 398496K [0x00000000e0000000, 0x00000000ffc00000, 0x0000000100000000)
  eden space 388096K, 100% used [0x00000000e0000000,0x00000000f7b00000,0x00000000f7b00000)
  from space 62976K, 16% used [0x00000000fbe80000,0x00000000fc8a8020,0x00000000ffc00000)
  to   space 66048K, 0% used [0x00000000f7b00000,0x00000000f7b00000,0x00000000fbb80000)
 ParOldGen       total 214016K, used 108247K [0x00000000a0000000, 0x00000000ad100000, 0x00000000e0000000)
  object space 214016K, 50% used [0x00000000a0000000,0x00000000a69b5f00,0x00000000ad100000)
 Metaspace       used 89714K, capacity 101382K, committed 101464K, reserved 1136640K
  class space    used 12020K, capacity 13582K, committed 13656K, reserved 1048576K
Event: 33154.246 GC heap after
Heap after GC invocations=61 (full 4):
 PSYoungGen      total 454144K, used 11280K [0x00000000e0000000, 0x0000000100000000, 0x0000000100000000)
  eden space 388096K, 0% used [0x00000000e0000000,0x00000000e0000000,0x00000000f7b00000)
  from space 66048K, 17% used [0x00000000f7b00000,0x00000000f8604010,0x00000000fbb80000)
  to   space 64512K, 0% used [0x00000000fc100000,0x00000000fc100000,0x0000000100000000)
 ParOldGen       total 214016K, used 110803K [0x00000000a0000000, 0x00000000ad100000, 0x00000000e0000000)
  object space 214016K, 51% used [0x00000000a0000000,0x00000000a6c34fb0,0x00000000ad100000)
 Metaspace       used 89714K, capacity 101382K, committed 101464K, reserved 1136640K
  class space    used 12020K, capacity 13582K, committed 13656K, reserved 1048576K
}
Event: 33344.867 GC heap before
{Heap before GC invocations=62 (full 4):
 PSYoungGen      total 454144K, used 399376K [0x00000000e0000000, 0x0000000100000000, 0x0000000100000000)
  eden space 388096K, 100% used [0x00000000e0000000,0x00000000f7b00000,0x00000000f7b00000)
  from space 66048K, 17% used [0x00000000f7b00000,0x00000000f8604010,0x00000000fbb80000)
  to   space 64512K, 0% used [0x00000000fc100000,0x00000000fc100000,0x0000000100000000)
 ParOldGen       total 214016K, used 110803K [0x00000000a0000000, 0x00000000ad100000, 0x00000000e0000000)
  object space 214016K, 51% used [0x00000000a0000000,0x00000000a6c34fb0,0x00000000ad100000)
 Metaspace       used 90223K, capacity 102024K, committed 102232K, reserved 1138688K
  class space    used 12069K, capacity 13620K, committed 13656K, reserved 1048576K
Event: 33345.005 GC heap after
Heap after GC invocations=62 (full 4):
 PSYoungGen      total 451584K, used 17626K [0x00000000e0000000, 0x00000000ff980000, 0x0000000100000000)
  eden space 393728K, 0% used [0x00000000e0000000,0x00000000e0000000,0x00000000f8080000)
  from space 57856K, 30% used [0x00000000fc100000,0x00000000fd236ab0,0x00000000ff980000)
  to   space 61952K, 0% used [0x00000000f8080000,0x00000000f8080000,0x00000000fbd00000)
 ParOldGen       total 214016K, used 113491K [0x00000000a0000000, 0x00000000ad100000, 0x00000000e0000000)
  object space 214016K, 53% used [0x00000000a0000000,0x00000000a6ed4ff0,0x00000000ad100000)
 Metaspace       used 90223K, capacity 102024K, committed 102232K, reserved 1138688K
  class space    used 12069K, capacity 13620K, committed 13656K, reserved 1048576K
}
Event: 33399.784 GC heap before
{Heap before GC invocations=63 (full 4):
 PSYoungGen      total 451584K, used 411354K [0x00000000e0000000, 0x00000000ff980000, 0x0000000100000000)
  eden space 393728K, 100% used [0x00000000e0000000,0x00000000f8080000,0x00000000f8080000)
  from space 57856K, 30% used [0x00000000fc100000,0x00000000fd236ab0,0x00000000ff980000)
  to   space 61952K, 0% used [0x00000000f8080000,0x00000000f8080000,0x00000000fbd00000)
 ParOldGen       total 214016K, used 113491K [0x00000000a0000000, 0x00000000ad100000, 0x00000000e0000000)
  object space 214016K, 53% used [0x00000000a0000000,0x00000000a6ed4ff0,0x00000000ad100000)
 Metaspace       used 90657K, capacity 102850K, committed 103128K, reserved 1138688K
  class space    used 12148K, capacity 13728K, committed 13784K, reserved 1048576K
Event: 33399.880 GC heap after
Heap after GC invocations=63 (full 4):
 PSYoungGen      total 455680K, used 25413K [0x00000000e0000000, 0x00000000ffe00000, 0x0000000100000000)
  eden space 393728K, 0% used [0x00000000e0000000,0x00000000e0000000,0x00000000f8080000)
  from space 61952K, 41% used [0x00000000f8080000,0x00000000f9951558,0x00000000fbd00000)
  to   space 58880K, 0% used [0x00000000fc480000,0x00000000fc480000,0x00000000ffe00000)
 ParOldGen       total 214016K, used 117864K [0x00000000a0000000, 0x00000000ad100000, 0x00000000e0000000)
  object space 214016K, 55% used [0x00000000a0000000,0x00000000a731a120,0x00000000ad100000)
 Metaspace       used 90657K, capacity 102850K, committed 103128K, reserved 1138688K
  class space    used 12148K, capacity 13728K, committed 13784K, reserved 1048576K
}

