# JRE version: OpenJDK Runtime Environment (8.0_112-b06) (build 1.8.0_112-release-b06)
# Java VM: OpenJDK 64-Bit Server VM (25.112-b06 mixed mode windows-amd64 compressed oops)
Heap:
 PSYoungGen      total 218112K, used 127243K [0x00000000e0000000, 0x00000000f3700000, 0x0000000100000000)
  eden space 187392K, 51% used [0x00000000e0000000,0x00000000e5e4a9a8,0x00000000eb700000)
  from space 30720K, 99% used [0x00000000eb700000,0x00000000ed4f8488,0x00000000ed500000)
  to   space 40448K, 0% used [0x00000000f0f80000,0x00000000f0f80000,0x00000000f3700000)
 ParOldGen       total 152576K, used 55385K [0x00000000a0000000, 0x00000000a9500000, 0x00000000e0000000)
  object space 152576K, 36% used [0x00000000a0000000,0x00000000a3616608,0x00000000a9500000)
 Metaspace       used 61998K, capacity 63876K, committed 64128K, reserved 1105920K
  class space    used 8141K, capacity 8518K, committed 8576K, reserved 1048576K
GC Heap History (10 events):
Event: 9.708 GC heap before
{Heap before GC invocations=12 (full 2):
 PSYoungGen      total 141824K, used 141811K [0x00000000e0000000, 0x00000000ebc00000, 0x0000000100000000)
  eden space 129024K, 100% used [0x00000000e0000000,0x00000000e7e00000,0x00000000e7e00000)
  from space 12800K, 99% used [0x00000000e7e00000,0x00000000e8a7cc98,0x00000000e8a80000)
  to   space 16384K, 0% used [0x00000000eac00000,0x00000000eac00000,0x00000000ebc00000)
 ParOldGen       total 103424K, used 23456K [0x00000000a0000000, 0x00000000a6500000, 0x00000000e0000000)
  object space 103424K, 22% used [0x00000000a0000000,0x00000000a16e81e0,0x00000000a6500000)
 Metaspace       used 55778K, capacity 57434K, committed 57600K, reserved 1099776K
  class space    used 7543K, capacity 7911K, committed 7936K, reserved 1048576K
Event: 9.731 GC heap after
Heap after GC invocations=12 (full 2):
 PSYoungGen      total 171008K, used 16355K [0x00000000e0000000, 0x00000000ec300000, 0x0000000100000000)
  eden space 154624K, 0% used [0x00000000e0000000,0x00000000e0000000,0x00000000e9700000)
  from space 16384K, 99% used [0x00000000eac00000,0x00000000ebbf8c88,0x00000000ebc00000)
  to   space 21504K, 0% used [0x00000000e9700000,0x00000000e9700000,0x00000000eac00000)
 ParOldGen       total 103424K, used 32684K [0x00000000a0000000, 0x00000000a6500000, 0x00000000e0000000)
  object space 103424K, 31% used [0x00000000a0000000,0x00000000a1feb158,0x00000000a6500000)
 Metaspace       used 55778K, capacity 57434K, committed 57600K, reserved 1099776K
  class space    used 7543K, capacity 7911K, committed 7936K, reserved 1048576K
}
Event: 10.299 GC heap before
{Heap before GC invocations=13 (full 2):
 PSYoungGen      total 171008K, used 64746K [0x00000000e0000000, 0x00000000ec300000, 0x0000000100000000)
  eden space 154624K, 31% used [0x00000000e0000000,0x00000000e2f41c18,0x00000000e9700000)
  from space 16384K, 99% used [0x00000000eac00000,0x00000000ebbf8c88,0x00000000ebc00000)
  to   space 21504K, 0% used [0x00000000e9700000,0x00000000e9700000,0x00000000eac00000)
 ParOldGen       total 103424K, used 32684K [0x00000000a0000000, 0x00000000a6500000, 0x00000000e0000000)
  object space 103424K, 31% used [0x00000000a0000000,0x00000000a1feb158,0x00000000a6500000)
 Metaspace       used 57462K, capacity 59098K, committed 59160K, reserved 1099776K
  class space    used 7714K, capacity 8053K, committed 8064K, reserved 1048576K
Event: 10.326 GC heap after
Heap after GC invocations=13 (full 2):
 PSYoungGen      total 176128K, used 21487K [0x00000000e0000000, 0x00000000eed80000, 0x0000000100000000)
  eden space 154624K, 0% used [0x00000000e0000000,0x00000000e0000000,0x00000000e9700000)
  from space 21504K, 99% used [0x00000000e9700000,0x00000000eabfbd10,0x00000000eac00000)
  to   space 25088K, 0% used [0x00000000ed500000,0x00000000ed500000,0x00000000eed80000)
 ParOldGen       total 103424K, used 33589K [0x00000000a0000000, 0x00000000a6500000, 0x00000000e0000000)
  object space 103424K, 32% used [0x00000000a0000000,0x00000000a20cd5f8,0x00000000a6500000)
 Metaspace       used 57462K, capacity 59098K, committed 59160K, reserved 1099776K
  class space    used 7714K, capacity 8053K, committed 8064K, reserved 1048576K
}
Event: 10.326 GC heap before
{Heap before GC invocations=14 (full 3):
 PSYoungGen      total 176128K, used 21487K [0x00000000e0000000, 0x00000000eed80000, 0x0000000100000000)
  eden space 154624K, 0% used [0x00000000e0000000,0x00000000e0000000,0x00000000e9700000)
  from space 21504K, 99% used [0x00000000e9700000,0x00000000eabfbd10,0x00000000eac00000)
  to   space 25088K, 0% used [0x00000000ed500000,0x00000000ed500000,0x00000000eed80000)
 ParOldGen       total 103424K, used 33589K [0x00000000a0000000, 0x00000000a6500000, 0x00000000e0000000)
  object space 103424K, 32% used [0x00000000a0000000,0x00000000a20cd5f8,0x00000000a6500000)
 Metaspace       used 57462K, capacity 59098K, committed 59160K, reserved 1099776K
  class space    used 7714K, capacity 8053K, committed 8064K, reserved 1048576K
Event: 10.503 GC heap after
Heap after GC invocations=14 (full 3):
 PSYoungGen      total 176128K, used 0K [0x00000000e0000000, 0x00000000eed80000, 0x0000000100000000)
  eden space 154624K, 0% used [0x00000000e0000000,0x00000000e0000000,0x00000000e9700000)
  from space 21504K, 0% used [0x00000000e9700000,0x00000000e9700000,0x00000000eac00000)
  to   space 25088K, 0% used [0x00000000ed500000,0x00000000ed500000,0x00000000eed80000)
 ParOldGen       total 152576K, used 36510K [0x00000000a0000000, 0x00000000a9500000, 0x00000000e0000000)
  object space 152576K, 23% used [0x00000000a0000000,0x00000000a23a7ad8,0x00000000a9500000)
 Metaspace       used 57461K, capacity 59092K, committed 59160K, reserved 1099776K
  class space    used 7713K, capacity 8052K, committed 8064K, reserved 1048576K
}
Event: 12.402 GC heap before
{Heap before GC invocations=15 (full 3):
 PSYoungGen      total 176128K, used 154624K [0x00000000e0000000, 0x00000000eed80000, 0x0000000100000000)
  eden space 154624K, 100% used [0x00000000e0000000,0x00000000e9700000,0x00000000e9700000)
  from space 21504K, 0% used [0x00000000e9700000,0x00000000e9700000,0x00000000eac00000)
  to   space 25088K, 0% used [0x00000000ed500000,0x00000000ed500000,0x00000000eed80000)
 ParOldGen       total 152576K, used 36510K [0x00000000a0000000, 0x00000000a9500000, 0x00000000e0000000)
  object space 152576K, 23% used [0x00000000a0000000,0x00000000a23a7ad8,0x00000000a9500000)
 Metaspace       used 61451K, capacity 63332K, committed 63616K, reserved 1103872K
  class space    used 8125K, capacity 8486K, committed 8576K, reserved 1048576K
Event: 12.437 GC heap after
Heap after GC invocations=15 (full 3):
 PSYoungGen      total 212480K, used 25067K [0x00000000e0000000, 0x00000000ef800000, 0x0000000100000000)
  eden space 187392K, 0% used [0x00000000e0000000,0x00000000e0000000,0x00000000eb700000)
  from space 25088K, 99% used [0x00000000ed500000,0x00000000eed7afd8,0x00000000eed80000)
  to   space 30720K, 0% used [0x00000000eb700000,0x00000000eb700000,0x00000000ed500000)
 ParOldGen       total 152576K, used 41779K [0x00000000a0000000, 0x00000000a9500000, 0x00000000e0000000)
  object space 152576K, 27% used [0x00000000a0000000,0x00000000a28ccf58,0x00000000a9500000)
 Metaspace       used 61451K, capacity 63332K, committed 63616K, reserved 1103872K
  class space    used 8125K, capacity 8486K, committed 8576K, reserved 1048576K
}
Event: 13.284 GC heap before
{Heap before GC invocations=16 (full 3):
 PSYoungGen      total 212480K, used 212459K [0x00000000e0000000, 0x00000000ef800000, 0x0000000100000000)
  eden space 187392K, 100% used [0x00000000e0000000,0x00000000eb700000,0x00000000eb700000)
  from space 25088K, 99% used [0x00000000ed500000,0x00000000eed7afd8,0x00000000eed80000)
  to   space 30720K, 0% used [0x00000000eb700000,0x00000000eb700000,0x00000000ed500000)
 ParOldGen       total 152576K, used 41779K [0x00000000a0000000, 0x00000000a9500000, 0x00000000e0000000)
  object space 152576K, 27% used [0x00000000a0000000,0x00000000a28ccf58,0x00000000a9500000)
 Metaspace       used 61645K, capacity 63460K, committed 63616K, reserved 1103872K
  class space    used 8127K, capacity 8486K, committed 8576K, reserved 1048576K
Event: 13.322 GC heap after
Heap after GC invocations=16 (full 3):
 PSYoungGen      total 218112K, used 30689K [0x00000000e0000000, 0x00000000f3700000, 0x0000000100000000)
  eden space 187392K, 0% used [0x00000000e0000000,0x00000000e0000000,0x00000000eb700000)
  from space 30720K, 99% used [0x00000000eb700000,0x00000000ed4f8488,0x00000000ed500000)
  to   space 40448K, 0% used [0x00000000f0f80000,0x00000000f0f80000,0x00000000f3700000)
 ParOldGen       total 152576K, used 55385K [0x00000000a0000000, 0x00000000a9500000, 0x00000000e0000000)
  object space 152576K, 36% used [0x00000000a0000000,0x00000000a3616608,0x00000000a9500000)
 Metaspace       used 61645K, capacity 63460K, committed 63616K, reserved 1103872K
  class space    used 8127K, capacity 8486K, committed 8576K, reserved 1048576K
}

