# JRE version: OpenJDK Runtime Environment (8.0_112-b06) (build 1.8.0_112-release-b06)
# Java VM: OpenJDK 64-Bit Server VM (25.112-b06 mixed mode windows-amd64 compressed oops)
Heap:
 PSYoungGen      total 112128K, used 101888K [0x00000000e0000000, 0x00000000eaa80000, 0x0000000100000000)
  eden space 101888K, 100% used [0x00000000e0000000,0x00000000e6380000,0x00000000e6380000)
  from space 10240K, 0% used [0x00000000e6380000,0x00000000e6380000,0x00000000e6d80000)
  to   space 12288K, 48% used [0x00000000e9e80000,0x00000000ea45c0e0,0x00000000eaa80000)
 ParOldGen       total 93184K, used 17703K [0x00000000a0000000, 0x00000000a5b00000, 0x00000000e0000000)
  object space 93184K, 18% used [0x00000000a0000000,0x00000000a1149f78,0x00000000a5b00000)
 Metaspace       used 42309K, capacity 43046K, committed 43264K, reserved 1087488K
  class space    used 5665K, capacity 5860K, committed 5888K, reserved 1048576K
GC Heap History (10 events):
Event: 2.796 GC heap after
Heap after GC invocations=5 (full 1):
 PSYoungGen      total 71680K, used 0K [0x00000000e0000000, 0x00000000e4b00000, 0x0000000100000000)
  eden space 66560K, 0% used [0x00000000e0000000,0x00000000e0000000,0x00000000e4100000)
  from space 5120K, 0% used [0x00000000e4600000,0x00000000e4600000,0x00000000e4b00000)
  to   space 5120K, 0% used [0x00000000e4100000,0x00000000e4100000,0x00000000e4600000)
 ParOldGen       total 60416K, used 8952K [0x00000000a0000000, 0x00000000a3b00000, 0x00000000e0000000)
  object space 60416K, 14% used [0x00000000a0000000,0x00000000a08be218,0x00000000a3b00000)
 Metaspace       used 20795K, capacity 21112K, committed 21296K, reserved 1067008K
  class space    used 2757K, capacity 2869K, committed 2944K, reserved 1048576K
}
Event: 3.742 GC heap before
{Heap before GC invocations=6 (full 1):
 PSYoungGen      total 71680K, used 66560K [0x00000000e0000000, 0x00000000e4b00000, 0x0000000100000000)
  eden space 66560K, 100% used [0x00000000e0000000,0x00000000e4100000,0x00000000e4100000)
  from space 5120K, 0% used [0x00000000e4600000,0x00000000e4600000,0x00000000e4b00000)
  to   space 5120K, 0% used [0x00000000e4100000,0x00000000e4100000,0x00000000e4600000)
 ParOldGen       total 60416K, used 8952K [0x00000000a0000000, 0x00000000a3b00000, 0x00000000e0000000)
  object space 60416K, 14% used [0x00000000a0000000,0x00000000a08be218,0x00000000a3b00000)
 Metaspace       used 26006K, capacity 26380K, committed 26496K, reserved 1073152K
  class space    used 3589K, capacity 3697K, committed 3712K, reserved 1048576K
Event: 3.751 GC heap after
Heap after GC invocations=6 (full 1):
 PSYoungGen      total 71680K, used 5092K [0x00000000e0000000, 0x00000000e7b00000, 0x0000000100000000)
  eden space 66560K, 0% used [0x00000000e0000000,0x00000000e0000000,0x00000000e4100000)
  from space 5120K, 99% used [0x00000000e4100000,0x00000000e45f92d0,0x00000000e4600000)
  to   space 10752K, 0% used [0x00000000e7080000,0x00000000e7080000,0x00000000e7b00000)
 ParOldGen       total 60416K, used 11974K [0x00000000a0000000, 0x00000000a3b00000, 0x00000000e0000000)
  object space 60416K, 19% used [0x00000000a0000000,0x00000000a0bb1bc0,0x00000000a3b00000)
 Metaspace       used 26006K, capacity 26380K, committed 26496K, reserved 1073152K
  class space    used 3589K, capacity 3697K, committed 3712K, reserved 1048576K
}
Event: 5.847 GC heap before
{Heap before GC invocations=7 (full 1):
 PSYoungGen      total 71680K, used 71652K [0x00000000e0000000, 0x00000000e7b00000, 0x0000000100000000)
  eden space 66560K, 100% used [0x00000000e0000000,0x00000000e4100000,0x00000000e4100000)
  from space 5120K, 99% used [0x00000000e4100000,0x00000000e45f92d0,0x00000000e4600000)
  to   space 10752K, 0% used [0x00000000e7080000,0x00000000e7080000,0x00000000e7b00000)
 ParOldGen       total 60416K, used 11974K [0x00000000a0000000, 0x00000000a3b00000, 0x00000000e0000000)
  object space 60416K, 19% used [0x00000000a0000000,0x00000000a0bb1bc0,0x00000000a3b00000)
 Metaspace       used 29438K, capacity 29934K, committed 30336K, reserved 1075200K
  class space    used 4001K, capacity 4153K, committed 4224K, reserved 1048576K
Event: 5.855 GC heap after
Heap after GC invocations=7 (full 1):
 PSYoungGen      total 107520K, used 6799K [0x00000000e0000000, 0x00000000e7780000, 0x0000000100000000)
  eden space 100352K, 0% used [0x00000000e0000000,0x00000000e0000000,0x00000000e6200000)
  from space 7168K, 94% used [0x00000000e7080000,0x00000000e7723ea8,0x00000000e7780000)
  to   space 10240K, 0% used [0x00000000e6380000,0x00000000e6380000,0x00000000e6d80000)
 ParOldGen       total 60416K, used 11982K [0x00000000a0000000, 0x00000000a3b00000, 0x00000000e0000000)
  object space 60416K, 19% used [0x00000000a0000000,0x00000000a0bb3bc0,0x00000000a3b00000)
 Metaspace       used 29438K, capacity 29934K, committed 30336K, reserved 1075200K
  class space    used 4001K, capacity 4153K, committed 4224K, reserved 1048576K
}
Event: 6.740 GC heap before
{Heap before GC invocations=8 (full 1):
 PSYoungGen      total 107520K, used 77613K [0x00000000e0000000, 0x00000000e7780000, 0x0000000100000000)
  eden space 100352K, 70% used [0x00000000e0000000,0x00000000e45275d8,0x00000000e6200000)
  from space 7168K, 94% used [0x00000000e7080000,0x00000000e7723ea8,0x00000000e7780000)
  to   space 10240K, 0% used [0x00000000e6380000,0x00000000e6380000,0x00000000e6d80000)
 ParOldGen       total 60416K, used 11982K [0x00000000a0000000, 0x00000000a3b00000, 0x00000000e0000000)
  object space 60416K, 19% used [0x00000000a0000000,0x00000000a0bb3bc0,0x00000000a3b00000)
 Metaspace       used 34755K, capacity 35296K, committed 35496K, reserved 1079296K
  class space    used 4649K, capacity 4816K, committed 4864K, reserved 1048576K
Event: 6.755 GC heap after
Heap after GC invocations=8 (full 1):
 PSYoungGen      total 112128K, used 10217K [0x00000000e0000000, 0x00000000eaa80000, 0x0000000100000000)
  eden space 101888K, 0% used [0x00000000e0000000,0x00000000e0000000,0x00000000e6380000)
  from space 10240K, 99% used [0x00000000e6380000,0x00000000e6d7a5e0,0x00000000e6d80000)
  to   space 12288K, 0% used [0x00000000e9e80000,0x00000000e9e80000,0x00000000eaa80000)
 ParOldGen       total 60416K, used 13370K [0x00000000a0000000, 0x00000000a3b00000, 0x00000000e0000000)
  object space 60416K, 22% used [0x00000000a0000000,0x00000000a0d0ea58,0x00000000a3b00000)
 Metaspace       used 34755K, capacity 35296K, committed 35496K, reserved 1079296K
  class space    used 4649K, capacity 4816K, committed 4864K, reserved 1048576K
}
Event: 6.755 GC heap before
{Heap before GC invocations=9 (full 2):
 PSYoungGen      total 112128K, used 10217K [0x00000000e0000000, 0x00000000eaa80000, 0x0000000100000000)
  eden space 101888K, 0% used [0x00000000e0000000,0x00000000e0000000,0x00000000e6380000)
  from space 10240K, 99% used [0x00000000e6380000,0x00000000e6d7a5e0,0x00000000e6d80000)
  to   space 12288K, 0% used [0x00000000e9e80000,0x00000000e9e80000,0x00000000eaa80000)
 ParOldGen       total 60416K, used 13370K [0x00000000a0000000, 0x00000000a3b00000, 0x00000000e0000000)
  object space 60416K, 22% used [0x00000000a0000000,0x00000000a0d0ea58,0x00000000a3b00000)
 Metaspace       used 34755K, capacity 35296K, committed 35496K, reserved 1079296K
  class space    used 4649K, capacity 4816K, committed 4864K, reserved 1048576K
Event: 6.858 GC heap after
Heap after GC invocations=9 (full 2):
 PSYoungGen      total 112128K, used 0K [0x00000000e0000000, 0x00000000eaa80000, 0x0000000100000000)
  eden space 101888K, 0% used [0x00000000e0000000,0x00000000e0000000,0x00000000e6380000)
  from space 10240K, 0% used [0x00000000e6380000,0x00000000e6380000,0x00000000e6d80000)
  to   space 12288K, 0% used [0x00000000e9e80000,0x00000000e9e80000,0x00000000eaa80000)
 ParOldGen       total 93184K, used 17695K [0x00000000a0000000, 0x00000000a5b00000, 0x00000000e0000000)
  object space 93184K, 18% used [0x00000000a0000000,0x00000000a1147f78,0x00000000a5b00000)
 Metaspace       used 34755K, capacity 35296K, committed 35496K, reserved 1079296K
  class space    used 4649K, capacity 4816K, committed 4864K, reserved 1048576K
}
Event: 8.418 GC heap before
{Heap before GC invocations=10 (full 2):
 PSYoungGen      total 112128K, used 101888K [0x00000000e0000000, 0x00000000eaa80000, 0x0000000100000000)
  eden space 101888K, 100% used [0x00000000e0000000,0x00000000e6380000,0x00000000e6380000)
  from space 10240K, 0% used [0x00000000e6380000,0x00000000e6380000,0x00000000e6d80000)
  to   space 12288K, 0% used [0x00000000e9e80000,0x00000000e9e80000,0x00000000eaa80000)
 ParOldGen       total 93184K, used 17695K [0x00000000a0000000, 0x00000000a5b00000, 0x00000000e0000000)
  object space 93184K, 18% used [0x00000000a0000000,0x00000000a1147f78,0x00000000a5b00000)
 Metaspace       used 42309K, capacity 43046K, committed 43264K, reserved 1087488K
  class space    used 5665K, capacity 5860K, committed 5888K, reserved 1048576K

