# JRE version: OpenJDK Runtime Environment (8.0_112-b06) (build 1.8.0_112-release-b06)
# Java VM: OpenJDK 64-Bit Server VM (25.112-b06 mixed mode windows-amd64 compressed oops)
Heap:
 PSYoungGen      total 208896K, used 185421K [0x00000000e0000000, 0x00000000f0b80000, 0x0000000100000000)
  eden space 187904K, 87% used [0x00000000e0000000,0x00000000ea099b50,0x00000000eb780000)
  from space 20992K, 99% used [0x00000000ed900000,0x00000000eed799f8,0x00000000eed80000)
  to   space 34304K, 0% used [0x00000000eb780000,0x00000000eb780000,0x00000000ed900000)
 ParOldGen       total 111104K, used 52538K [0x00000000a0000000, 0x00000000a6c80000, 0x00000000e0000000)
  object space 111104K, 47% used [0x00000000a0000000,0x00000000a334e878,0x00000000a6c80000)
 Metaspace       used 55789K, capacity 57684K, committed 57728K, reserved 1099776K
  class space    used 7416K, capacity 7796K, committed 7808K, reserved 1048576K
GC Heap History (10 events):
Event: 4.396 GC heap before
{Heap before GC invocations=8 (full 2):
 PSYoungGen      total 132096K, used 6624K [0x00000000e0000000, 0x00000000ebf00000, 0x0000000100000000)
  eden space 125440K, 0% used [0x00000000e0000000,0x00000000e0000000,0x00000000e7a80000)
  from space 6656K, 99% used [0x00000000e8700000,0x00000000e8d78030,0x00000000e8d80000)
  to   space 12800K, 0% used [0x00000000e7a80000,0x00000000e7a80000,0x00000000e8700000)
 ParOldGen       total 76288K, used 21815K [0x00000000a0000000, 0x00000000a4a80000, 0x00000000e0000000)
  object space 76288K, 28% used [0x00000000a0000000,0x00000000a154dcc0,0x00000000a4a80000)
 Metaspace       used 34799K, capacity 35334K, committed 35496K, reserved 1079296K
  class space    used 4657K, capacity 4849K, committed 4864K, reserved 1048576K
Event: 4.553 GC heap after
Heap after GC invocations=8 (full 2):
 PSYoungGen      total 132096K, used 0K [0x00000000e0000000, 0x00000000ebf00000, 0x0000000100000000)
  eden space 125440K, 0% used [0x00000000e0000000,0x00000000e0000000,0x00000000e7a80000)
  from space 6656K, 0% used [0x00000000e8700000,0x00000000e8700000,0x00000000e8d80000)
  to   space 12800K, 0% used [0x00000000e7a80000,0x00000000e7a80000,0x00000000e8700000)
 ParOldGen       total 111104K, used 15934K [0x00000000a0000000, 0x00000000a6c80000, 0x00000000e0000000)
  object space 111104K, 14% used [0x00000000a0000000,0x00000000a0f8f820,0x00000000a6c80000)
 Metaspace       used 34799K, capacity 35334K, committed 35496K, reserved 1079296K
  class space    used 4657K, capacity 4849K, committed 4864K, reserved 1048576K
}
Event: 5.677 GC heap before
{Heap before GC invocations=9 (full 2):
 PSYoungGen      total 132096K, used 125440K [0x00000000e0000000, 0x00000000ebf00000, 0x0000000100000000)
  eden space 125440K, 100% used [0x00000000e0000000,0x00000000e7a80000,0x00000000e7a80000)
  from space 6656K, 0% used [0x00000000e8700000,0x00000000e8700000,0x00000000e8d80000)
  to   space 12800K, 0% used [0x00000000e7a80000,0x00000000e7a80000,0x00000000e8700000)
 ParOldGen       total 111104K, used 15934K [0x00000000a0000000, 0x00000000a6c80000, 0x00000000e0000000)
  object space 111104K, 14% used [0x00000000a0000000,0x00000000a0f8f820,0x00000000a6c80000)
 Metaspace       used 42414K, capacity 43186K, committed 43520K, reserved 1087488K
  class space    used 5663K, capacity 5862K, committed 5888K, reserved 1048576K
Event: 5.685 GC heap after
Heap after GC invocations=9 (full 2):
 PSYoungGen      total 138240K, used 11082K [0x00000000e0000000, 0x00000000ec380000, 0x0000000100000000)
  eden space 125440K, 0% used [0x00000000e0000000,0x00000000e0000000,0x00000000e7a80000)
  from space 12800K, 86% used [0x00000000e7a80000,0x00000000e8552b50,0x00000000e8700000)
  to   space 13312K, 0% used [0x00000000eb680000,0x00000000eb680000,0x00000000ec380000)
 ParOldGen       total 111104K, used 15942K [0x00000000a0000000, 0x00000000a6c80000, 0x00000000e0000000)
  object space 111104K, 14% used [0x00000000a0000000,0x00000000a0f91820,0x00000000a6c80000)
 Metaspace       used 42414K, capacity 43186K, committed 43520K, reserved 1087488K
  class space    used 5663K, capacity 5862K, committed 5888K, reserved 1048576K
}
Event: 7.359 GC heap before
{Heap before GC invocations=10 (full 2):
 PSYoungGen      total 138240K, used 136522K [0x00000000e0000000, 0x00000000ec380000, 0x0000000100000000)
  eden space 125440K, 100% used [0x00000000e0000000,0x00000000e7a80000,0x00000000e7a80000)
  from space 12800K, 86% used [0x00000000e7a80000,0x00000000e8552b50,0x00000000e8700000)
  to   space 13312K, 0% used [0x00000000eb680000,0x00000000eb680000,0x00000000ec380000)
 ParOldGen       total 111104K, used 15942K [0x00000000a0000000, 0x00000000a6c80000, 0x00000000e0000000)
  object space 111104K, 14% used [0x00000000a0000000,0x00000000a0f91820,0x00000000a6c80000)
 Metaspace       used 50233K, capacity 51828K, committed 51968K, reserved 1093632K
  class space    used 6810K, capacity 7144K, committed 7168K, reserved 1048576K
Event: 7.398 GC heap after
Heap after GC invocations=10 (full 2):
 PSYoungGen      total 182272K, used 13296K [0x00000000e0000000, 0x00000000eca00000, 0x0000000100000000)
  eden space 168960K, 0% used [0x00000000e0000000,0x00000000e0000000,0x00000000ea500000)
  from space 13312K, 99% used [0x00000000eb680000,0x00000000ec37c008,0x00000000ec380000)
  to   space 17920K, 0% used [0x00000000ea500000,0x00000000ea500000,0x00000000eb680000)
 ParOldGen       total 111104K, used 22865K [0x00000000a0000000, 0x00000000a6c80000, 0x00000000e0000000)
  object space 111104K, 20% used [0x00000000a0000000,0x00000000a1654520,0x00000000a6c80000)
 Metaspace       used 50233K, capacity 51828K, committed 51968K, reserved 1093632K
  class space    used 6810K, capacity 7144K, committed 7168K, reserved 1048576K
}
Event: 9.957 GC heap before
{Heap before GC invocations=11 (full 2):
 PSYoungGen      total 182272K, used 182256K [0x00000000e0000000, 0x00000000eca00000, 0x0000000100000000)
  eden space 168960K, 100% used [0x00000000e0000000,0x00000000ea500000,0x00000000ea500000)
  from space 13312K, 99% used [0x00000000eb680000,0x00000000ec37c008,0x00000000ec380000)
  to   space 17920K, 0% used [0x00000000ea500000,0x00000000ea500000,0x00000000eb680000)
 ParOldGen       total 111104K, used 22865K [0x00000000a0000000, 0x00000000a6c80000, 0x00000000e0000000)
  object space 111104K, 20% used [0x00000000a0000000,0x00000000a1654520,0x00000000a6c80000)
 Metaspace       used 53856K, capacity 55762K, committed 55808K, reserved 1097728K
  class space    used 7272K, capacity 7667K, committed 7680K, reserved 1048576K
Event: 9.980 GC heap after
Heap after GC invocations=11 (full 2):
 PSYoungGen      total 186880K, used 17917K [0x00000000e0000000, 0x00000000eed80000, 0x0000000100000000)
  eden space 168960K, 0% used [0x00000000e0000000,0x00000000e0000000,0x00000000ea500000)
  from space 17920K, 99% used [0x00000000ea500000,0x00000000eb67f738,0x00000000eb680000)
  to   space 20992K, 0% used [0x00000000ed900000,0x00000000ed900000,0x00000000eed80000)
 ParOldGen       total 111104K, used 24856K [0x00000000a0000000, 0x00000000a6c80000, 0x00000000e0000000)
  object space 111104K, 22% used [0x00000000a0000000,0x00000000a1846180,0x00000000a6c80000)
 Metaspace       used 53856K, capacity 55762K, committed 55808K, reserved 1097728K
  class space    used 7272K, capacity 7667K, committed 7680K, reserved 1048576K
}
Event: 11.411 GC heap before
{Heap before GC invocations=12 (full 2):
 PSYoungGen      total 186880K, used 186877K [0x00000000e0000000, 0x00000000eed80000, 0x0000000100000000)
  eden space 168960K, 100% used [0x00000000e0000000,0x00000000ea500000,0x00000000ea500000)
  from space 17920K, 99% used [0x00000000ea500000,0x00000000eb67f738,0x00000000eb680000)
  to   space 20992K, 0% used [0x00000000ed900000,0x00000000ed900000,0x00000000eed80000)
 ParOldGen       total 111104K, used 24856K [0x00000000a0000000, 0x00000000a6c80000, 0x00000000e0000000)
  object space 111104K, 22% used [0x00000000a0000000,0x00000000a1846180,0x00000000a6c80000)
 Metaspace       used 55601K, capacity 57492K, committed 57728K, reserved 1099776K
  class space    used 7411K, capacity 7796K, committed 7808K, reserved 1048576K
Event: 11.486 GC heap after
Heap after GC invocations=12 (full 2):
 PSYoungGen      total 208896K, used 20966K [0x00000000e0000000, 0x00000000f0b80000, 0x0000000100000000)
  eden space 187904K, 0% used [0x00000000e0000000,0x00000000e0000000,0x00000000eb780000)
  from space 20992K, 99% used [0x00000000ed900000,0x00000000eed799f8,0x00000000eed80000)
  to   space 34304K, 0% used [0x00000000eb780000,0x00000000eb780000,0x00000000ed900000)
 ParOldGen       total 111104K, used 52538K [0x00000000a0000000, 0x00000000a6c80000, 0x00000000e0000000)
  object space 111104K, 47% used [0x00000000a0000000,0x00000000a334e878,0x00000000a6c80000)
 Metaspace       used 55601K, capacity 57492K, committed 57728K, reserved 1099776K
  class space    used 7411K, capacity 7796K, committed 7808K, reserved 1048576K
}

