# JRE version: OpenJDK Runtime Environment (8.0_112-b06) (build 1.8.0_112-release-b06)
# Java VM: OpenJDK 64-Bit Server VM (25.112-b06 mixed mode windows-amd64 compressed oops)
Heap:
 PSYoungGen      total 98816K, used 10749K [0x00000000e0000000, 0x00000000e8300000, 0x0000000100000000)
  eden space 88064K, 0% used [0x00000000e0000000,0x00000000e0000000,0x00000000e5600000)
  from space 10752K, 99% used [0x00000000e5600000,0x00000000e607f4c8,0x00000000e6080000)
  to   space 12288K, 0% used [0x00000000e7700000,0x00000000e7700000,0x00000000e8300000)
 ParOldGen       total 67584K, used 12848K [0x00000000a0000000, 0x00000000a4200000, 0x00000000e0000000)
  object space 67584K, 19% used [0x00000000a0000000,0x00000000a0c8c3c8,0x00000000a4200000)
 Metaspace       used 34476K, capacity 35204K, committed 35416K, reserved 1079296K
  class space    used 4663K, capacity 4883K, committed 4952K, reserved 1048576K
GC Heap History (10 events):
Event: 3.538 GC heap after
Heap after GC invocations=4 (full 0):
 PSYoungGen      total 71680K, used 5104K [0x00000000e0000000, 0x00000000e4b00000, 0x0000000100000000)
  eden space 66560K, 0% used [0x00000000e0000000,0x00000000e0000000,0x00000000e4100000)
  from space 5120K, 99% used [0x00000000e4600000,0x00000000e4afc010,0x00000000e4b00000)
  to   space 5120K, 0% used [0x00000000e4100000,0x00000000e4100000,0x00000000e4600000)
 ParOldGen       total 87552K, used 7795K [0x00000000a0000000, 0x00000000a5580000, 0x00000000e0000000)
  object space 87552K, 8% used [0x00000000a0000000,0x00000000a079cc90,0x00000000a5580000)
 Metaspace       used 20726K, capacity 21114K, committed 21248K, reserved 1067008K
  class space    used 2790K, capacity 2948K, committed 3072K, reserved 1048576K
}
Event: 3.538 GC heap before
{Heap before GC invocations=5 (full 1):
 PSYoungGen      total 71680K, used 5104K [0x00000000e0000000, 0x00000000e4b00000, 0x0000000100000000)
  eden space 66560K, 0% used [0x00000000e0000000,0x00000000e0000000,0x00000000e4100000)
  from space 5120K, 99% used [0x00000000e4600000,0x00000000e4afc010,0x00000000e4b00000)
  to   space 5120K, 0% used [0x00000000e4100000,0x00000000e4100000,0x00000000e4600000)
 ParOldGen       total 87552K, used 7795K [0x00000000a0000000, 0x00000000a5580000, 0x00000000e0000000)
  object space 87552K, 8% used [0x00000000a0000000,0x00000000a079cc90,0x00000000a5580000)
 Metaspace       used 20726K, capacity 21114K, committed 21248K, reserved 1067008K
  class space    used 2790K, capacity 2948K, committed 3072K, reserved 1048576K
Event: 3.644 GC heap after
Heap after GC invocations=5 (full 1):
 PSYoungGen      total 71680K, used 0K [0x00000000e0000000, 0x00000000e4b00000, 0x0000000100000000)
  eden space 66560K, 0% used [0x00000000e0000000,0x00000000e0000000,0x00000000e4100000)
  from space 5120K, 0% used [0x00000000e4600000,0x00000000e4600000,0x00000000e4b00000)
  to   space 5120K, 0% used [0x00000000e4100000,0x00000000e4100000,0x00000000e4600000)
 ParOldGen       total 67584K, used 9208K [0x00000000a0000000, 0x00000000a4200000, 0x00000000e0000000)
  object space 67584K, 13% used [0x00000000a0000000,0x00000000a08fe270,0x00000000a4200000)
 Metaspace       used 20726K, capacity 21114K, committed 21248K, reserved 1067008K
  class space    used 2790K, capacity 2948K, committed 3072K, reserved 1048576K
}
Event: 19.172 GC heap before
{Heap before GC invocations=6 (full 1):
 PSYoungGen      total 71680K, used 66560K [0x00000000e0000000, 0x00000000e4b00000, 0x0000000100000000)
  eden space 66560K, 100% used [0x00000000e0000000,0x00000000e4100000,0x00000000e4100000)
  from space 5120K, 0% used [0x00000000e4600000,0x00000000e4600000,0x00000000e4b00000)
  to   space 5120K, 0% used [0x00000000e4100000,0x00000000e4100000,0x00000000e4600000)
 ParOldGen       total 67584K, used 9208K [0x00000000a0000000, 0x00000000a4200000, 0x00000000e0000000)
  object space 67584K, 13% used [0x00000000a0000000,0x00000000a08fe270,0x00000000a4200000)
 Metaspace       used 26458K, capacity 26992K, committed 27136K, reserved 1073152K
  class space    used 3662K, capacity 3786K, committed 3840K, reserved 1048576K
Event: 19.183 GC heap after
Heap after GC invocations=6 (full 1):
 PSYoungGen      total 71680K, used 5092K [0x00000000e0000000, 0x00000000e6f00000, 0x0000000100000000)
  eden space 66560K, 0% used [0x00000000e0000000,0x00000000e0000000,0x00000000e4100000)
  from space 5120K, 99% used [0x00000000e4100000,0x00000000e45f9098,0x00000000e4600000)
  to   space 11264K, 0% used [0x00000000e6400000,0x00000000e6400000,0x00000000e6f00000)
 ParOldGen       total 67584K, used 12620K [0x00000000a0000000, 0x00000000a4200000, 0x00000000e0000000)
  object space 67584K, 18% used [0x00000000a0000000,0x00000000a0c53150,0x00000000a4200000)
 Metaspace       used 26458K, capacity 26992K, committed 27136K, reserved 1073152K
  class space    used 3662K, capacity 3786K, committed 3840K, reserved 1048576K
}
Event: 37.772 GC heap before
{Heap before GC invocations=7 (full 1):
 PSYoungGen      total 71680K, used 71652K [0x00000000e0000000, 0x00000000e6f00000, 0x0000000100000000)
  eden space 66560K, 100% used [0x00000000e0000000,0x00000000e4100000,0x00000000e4100000)
  from space 5120K, 99% used [0x00000000e4100000,0x00000000e45f9098,0x00000000e4600000)
  to   space 11264K, 0% used [0x00000000e6400000,0x00000000e6400000,0x00000000e6f00000)
 ParOldGen       total 67584K, used 12620K [0x00000000a0000000, 0x00000000a4200000, 0x00000000e0000000)
  object space 67584K, 18% used [0x00000000a0000000,0x00000000a0c53150,0x00000000a4200000)
 Metaspace       used 29882K, capacity 30434K, committed 30720K, reserved 1075200K
  class space    used 4086K, capacity 4247K, committed 4352K, reserved 1048576K
Event: 37.797 GC heap after
Heap after GC invocations=7 (full 1):
 PSYoungGen      total 94208K, used 7119K [0x00000000e0000000, 0x00000000e6b00000, 0x0000000100000000)
  eden space 87040K, 0% used [0x00000000e0000000,0x00000000e0000000,0x00000000e5500000)
  from space 7168K, 99% used [0x00000000e6400000,0x00000000e6af3ca8,0x00000000e6b00000)
  to   space 10752K, 0% used [0x00000000e5600000,0x00000000e5600000,0x00000000e6080000)
 ParOldGen       total 67584K, used 12620K [0x00000000a0000000, 0x00000000a4200000, 0x00000000e0000000)
  object space 67584K, 18% used [0x00000000a0000000,0x00000000a0c53150,0x00000000a4200000)
 Metaspace       used 29882K, capacity 30434K, committed 30720K, reserved 1075200K
  class space    used 4086K, capacity 4247K, committed 4352K, reserved 1048576K
}
Event: 57.495 GC heap before
{Heap before GC invocations=8 (full 1):
 PSYoungGen      total 94208K, used 48503K [0x00000000e0000000, 0x00000000e6b00000, 0x0000000100000000)
  eden space 87040K, 47% used [0x00000000e0000000,0x00000000e286a190,0x00000000e5500000)
  from space 7168K, 99% used [0x00000000e6400000,0x00000000e6af3ca8,0x00000000e6b00000)
  to   space 10752K, 0% used [0x00000000e5600000,0x00000000e5600000,0x00000000e6080000)
 ParOldGen       total 67584K, used 12620K [0x00000000a0000000, 0x00000000a4200000, 0x00000000e0000000)
  object space 67584K, 18% used [0x00000000a0000000,0x00000000a0c53150,0x00000000a4200000)
 Metaspace       used 34476K, capacity 35204K, committed 35416K, reserved 1079296K
  class space    used 4663K, capacity 4883K, committed 4952K, reserved 1048576K
Event: 57.521 GC heap after
Heap after GC invocations=8 (full 1):
 PSYoungGen      total 98816K, used 10749K [0x00000000e0000000, 0x00000000e8300000, 0x0000000100000000)
  eden space 88064K, 0% used [0x00000000e0000000,0x00000000e0000000,0x00000000e5600000)
  from space 10752K, 99% used [0x00000000e5600000,0x00000000e607f4c8,0x00000000e6080000)
  to   space 12288K, 0% used [0x00000000e7700000,0x00000000e7700000,0x00000000e8300000)
 ParOldGen       total 67584K, used 12848K [0x00000000a0000000, 0x00000000a4200000, 0x00000000e0000000)
  object space 67584K, 19% used [0x00000000a0000000,0x00000000a0c8c3c8,0x00000000a4200000)
 Metaspace       used 34476K, capacity 35204K, committed 35416K, reserved 1079296K
  class space    used 4663K, capacity 4883K, committed 4952K, reserved 1048576K
}
Event: 57.521 GC heap before
{Heap before GC invocations=9 (full 2):
 PSYoungGen      total 98816K, used 10749K [0x00000000e0000000, 0x00000000e8300000, 0x0000000100000000)
  eden space 88064K, 0% used [0x00000000e0000000,0x00000000e0000000,0x00000000e5600000)
  from space 10752K, 99% used [0x00000000e5600000,0x00000000e607f4c8,0x00000000e6080000)
  to   space 12288K, 0% used [0x00000000e7700000,0x00000000e7700000,0x00000000e8300000)
 ParOldGen       total 67584K, used 12848K [0x00000000a0000000, 0x00000000a4200000, 0x00000000e0000000)
  object space 67584K, 19% used [0x00000000a0000000,0x00000000a0c8c3c8,0x00000000a4200000)
 Metaspace       used 34476K, capacity 35204K, committed 35416K, reserved 1079296K
  class space    used 4663K, capacity 4883K, committed 4952K, reserved 1048576K

