# JRE version: OpenJDK Runtime Environment (8.0_112-b06) (build 1.8.0_112-release-b06)
# Java VM: OpenJDK 64-Bit Server VM (25.112-b06 mixed mode windows-amd64 compressed oops)
Heap:
 PSYoungGen      total 133120K, used 86687K [0x00000000e0000000, 0x00000000e9000000, 0x0000000100000000)
  eden space 120832K, 63% used [0x00000000e0000000,0x00000000e4b67f70,0x00000000e7600000)
  from space 12288K, 77% used [0x00000000e8200000,0x00000000e8b3fdb8,0x00000000e8e00000)
  to   space 12288K, 0% used [0x00000000e7600000,0x00000000e7600000,0x00000000e8200000)
 ParOldGen       total 107520K, used 17792K [0x00000000a0000000, 0x00000000a6900000, 0x00000000e0000000)
  object space 107520K, 16% used [0x00000000a0000000,0x00000000a1160370,0x00000000a6900000)
 Metaspace       used 45018K, capacity 46132K, committed 46336K, reserved 1089536K
  class space    used 6065K, capacity 6300K, committed 6400K, reserved 1048576K
GC Heap History (10 events):
Event: 2.560 GC heap before
{Heap before GC invocations=6 (full 1):
 PSYoungGen      total 71680K, used 66560K [0x00000000e0000000, 0x00000000e4b00000, 0x0000000100000000)
  eden space 66560K, 100% used [0x00000000e0000000,0x00000000e4100000,0x00000000e4100000)
  from space 5120K, 0% used [0x00000000e4600000,0x00000000e4600000,0x00000000e4b00000)
  to   space 5120K, 0% used [0x00000000e4100000,0x00000000e4100000,0x00000000e4600000)
 ParOldGen       total 67072K, used 8953K [0x00000000a0000000, 0x00000000a4180000, 0x00000000e0000000)
  object space 67072K, 13% used [0x00000000a0000000,0x00000000a08be4e0,0x00000000a4180000)
 Metaspace       used 25979K, capacity 26380K, committed 26496K, reserved 1073152K
  class space    used 3586K, capacity 3697K, committed 3712K, reserved 1048576K
Event: 2.580 GC heap after
Heap after GC invocations=6 (full 1):
 PSYoungGen      total 71680K, used 5088K [0x00000000e0000000, 0x00000000e7000000, 0x0000000100000000)
  eden space 66560K, 0% used [0x00000000e0000000,0x00000000e0000000,0x00000000e4100000)
  from space 5120K, 99% used [0x00000000e4100000,0x00000000e45f81d8,0x00000000e4600000)
  to   space 10752K, 0% used [0x00000000e6580000,0x00000000e6580000,0x00000000e7000000)
 ParOldGen       total 67072K, used 11955K [0x00000000a0000000, 0x00000000a4180000, 0x00000000e0000000)
  object space 67072K, 17% used [0x00000000a0000000,0x00000000a0bacf70,0x00000000a4180000)
 Metaspace       used 25979K, capacity 26380K, committed 26496K, reserved 1073152K
  class space    used 3586K, capacity 3697K, committed 3712K, reserved 1048576K
}
Event: 3.563 GC heap before
{Heap before GC invocations=7 (full 1):
 PSYoungGen      total 71680K, used 71648K [0x00000000e0000000, 0x00000000e7000000, 0x0000000100000000)
  eden space 66560K, 100% used [0x00000000e0000000,0x00000000e4100000,0x00000000e4100000)
  from space 5120K, 99% used [0x00000000e4100000,0x00000000e45f81d8,0x00000000e4600000)
  to   space 10752K, 0% used [0x00000000e6580000,0x00000000e6580000,0x00000000e7000000)
 ParOldGen       total 67072K, used 11955K [0x00000000a0000000, 0x00000000a4180000, 0x00000000e0000000)
  object space 67072K, 17% used [0x00000000a0000000,0x00000000a0bacf70,0x00000000a4180000)
 Metaspace       used 29421K, capacity 29870K, committed 30080K, reserved 1075200K
  class space    used 4001K, capacity 4153K, committed 4224K, reserved 1048576K
Event: 3.572 GC heap after
Heap after GC invocations=7 (full 1):
 PSYoungGen      total 97280K, used 6751K [0x00000000e0000000, 0x00000000e6c80000, 0x0000000100000000)
  eden space 90112K, 0% used [0x00000000e0000000,0x00000000e0000000,0x00000000e5800000)
  from space 7168K, 94% used [0x00000000e6580000,0x00000000e6c17c78,0x00000000e6c80000)
  to   space 10240K, 0% used [0x00000000e5880000,0x00000000e5880000,0x00000000e6280000)
 ParOldGen       total 67072K, used 12035K [0x00000000a0000000, 0x00000000a4180000, 0x00000000e0000000)
  object space 67072K, 17% used [0x00000000a0000000,0x00000000a0bc0f80,0x00000000a4180000)
 Metaspace       used 29421K, capacity 29870K, committed 30080K, reserved 1075200K
  class space    used 4001K, capacity 4153K, committed 4224K, reserved 1048576K
}
Event: 4.188 GC heap before
{Heap before GC invocations=8 (full 1):
 PSYoungGen      total 97280K, used 78631K [0x00000000e0000000, 0x00000000e6c80000, 0x0000000100000000)
  eden space 90112K, 79% used [0x00000000e0000000,0x00000000e46321b0,0x00000000e5800000)
  from space 7168K, 94% used [0x00000000e6580000,0x00000000e6c17c78,0x00000000e6c80000)
  to   space 10240K, 0% used [0x00000000e5880000,0x00000000e5880000,0x00000000e6280000)
 ParOldGen       total 67072K, used 12035K [0x00000000a0000000, 0x00000000a4180000, 0x00000000e0000000)
  object space 67072K, 17% used [0x00000000a0000000,0x00000000a0bc0f80,0x00000000a4180000)
 Metaspace       used 34777K, capacity 35334K, committed 35496K, reserved 1079296K
  class space    used 4659K, capacity 4849K, committed 4864K, reserved 1048576K
Event: 4.205 GC heap after
Heap after GC invocations=8 (full 1):
 PSYoungGen      total 100864K, used 10230K [0x00000000e0000000, 0x00000000e8e00000, 0x0000000100000000)
  eden space 90624K, 0% used [0x00000000e0000000,0x00000000e0000000,0x00000000e5880000)
  from space 10240K, 99% used [0x00000000e5880000,0x00000000e627dac0,0x00000000e6280000)
  to   space 12288K, 0% used [0x00000000e8200000,0x00000000e8200000,0x00000000e8e00000)
 ParOldGen       total 67072K, used 13410K [0x00000000a0000000, 0x00000000a4180000, 0x00000000e0000000)
  object space 67072K, 19% used [0x00000000a0000000,0x00000000a0d18ae0,0x00000000a4180000)
 Metaspace       used 34777K, capacity 35334K, committed 35496K, reserved 1079296K
  class space    used 4659K, capacity 4849K, committed 4864K, reserved 1048576K
}
Event: 4.205 GC heap before
{Heap before GC invocations=9 (full 2):
 PSYoungGen      total 100864K, used 10230K [0x00000000e0000000, 0x00000000e8e00000, 0x0000000100000000)
  eden space 90624K, 0% used [0x00000000e0000000,0x00000000e0000000,0x00000000e5880000)
  from space 10240K, 99% used [0x00000000e5880000,0x00000000e627dac0,0x00000000e6280000)
  to   space 12288K, 0% used [0x00000000e8200000,0x00000000e8200000,0x00000000e8e00000)
 ParOldGen       total 67072K, used 13410K [0x00000000a0000000, 0x00000000a4180000, 0x00000000e0000000)
  object space 67072K, 19% used [0x00000000a0000000,0x00000000a0d18ae0,0x00000000a4180000)
 Metaspace       used 34777K, capacity 35334K, committed 35496K, reserved 1079296K
  class space    used 4659K, capacity 4849K, committed 4864K, reserved 1048576K
Event: 4.284 GC heap after
Heap after GC invocations=9 (full 2):
 PSYoungGen      total 100864K, used 0K [0x00000000e0000000, 0x00000000e8e00000, 0x0000000100000000)
  eden space 90624K, 0% used [0x00000000e0000000,0x00000000e0000000,0x00000000e5880000)
  from space 10240K, 0% used [0x00000000e5880000,0x00000000e5880000,0x00000000e6280000)
  to   space 12288K, 0% used [0x00000000e8200000,0x00000000e8200000,0x00000000e8e00000)
 ParOldGen       total 107520K, used 17784K [0x00000000a0000000, 0x00000000a6900000, 0x00000000e0000000)
  object space 107520K, 16% used [0x00000000a0000000,0x00000000a115e370,0x00000000a6900000)
 Metaspace       used 34777K, capacity 35334K, committed 35496K, reserved 1079296K
  class space    used 4659K, capacity 4849K, committed 4864K, reserved 1048576K
}
Event: 5.159 GC heap before
{Heap before GC invocations=10 (full 2):
 PSYoungGen      total 100864K, used 90624K [0x00000000e0000000, 0x00000000e8e00000, 0x0000000100000000)
  eden space 90624K, 100% used [0x00000000e0000000,0x00000000e5880000,0x00000000e5880000)
  from space 10240K, 0% used [0x00000000e5880000,0x00000000e5880000,0x00000000e6280000)
  to   space 12288K, 0% used [0x00000000e8200000,0x00000000e8200000,0x00000000e8e00000)
 ParOldGen       total 107520K, used 17784K [0x00000000a0000000, 0x00000000a6900000, 0x00000000e0000000)
  object space 107520K, 16% used [0x00000000a0000000,0x00000000a115e370,0x00000000a6900000)
 Metaspace       used 42028K, capacity 42816K, committed 43008K, reserved 1087488K
  class space    used 5639K, capacity 5849K, committed 5888K, reserved 1048576K
Event: 5.167 GC heap after
Heap after GC invocations=10 (full 2):
 PSYoungGen      total 133120K, used 9471K [0x00000000e0000000, 0x00000000e9000000, 0x0000000100000000)
  eden space 120832K, 0% used [0x00000000e0000000,0x00000000e0000000,0x00000000e7600000)
  from space 12288K, 77% used [0x00000000e8200000,0x00000000e8b3fdb8,0x00000000e8e00000)
  to   space 12288K, 0% used [0x00000000e7600000,0x00000000e7600000,0x00000000e8200000)
 ParOldGen       total 107520K, used 17792K [0x00000000a0000000, 0x00000000a6900000, 0x00000000e0000000)
  object space 107520K, 16% used [0x00000000a0000000,0x00000000a1160370,0x00000000a6900000)
 Metaspace       used 42028K, capacity 42816K, committed 43008K, reserved 1087488K
  class space    used 5639K, capacity 5849K, committed 5888K, reserved 1048576K
}

