# JRE version: OpenJDK Runtime Environment (8.0_112-b06) (build 1.8.0_112-release-b06)
# Java VM: OpenJDK 64-Bit Server VM (25.112-b06 mixed mode windows-amd64 compressed oops)
Heap:
 PSYoungGen      total 235008K, used 210432K [0x00000000e0000000, 0x00000000f0580000, 0x0000000100000000)
  eden space 210432K, 100% used [0x00000000e0000000,0x00000000ecd80000,0x00000000ecd80000)
  from space 24576K, 0% used [0x00000000eed80000,0x00000000eed80000,0x00000000f0580000)
  to   space 28672K, 20% used [0x00000000ecd80000,0x00000000ed360020,0x00000000ee980000)
 ParOldGen       total 170496K, used 43435K [0x00000000a0000000, 0x00000000aa680000, 0x00000000e0000000)
  object space 170496K, 25% used [0x00000000a0000000,0x00000000a2a6aff8,0x00000000aa680000)
 Metaspace       used 57863K, capacity 60766K, committed 60888K, reserved 1101824K
  class space    used 7801K, capacity 8339K, committed 8408K, reserved 1048576K
GC Heap History (10 events):
Event: 16.873 GC heap after
Heap after GC invocations=9 (full 2):
 PSYoungGen      total 138240K, used 11647K [0x00000000e0000000, 0x00000000ec680000, 0x0000000100000000)
  eden space 125440K, 0% used [0x00000000e0000000,0x00000000e0000000,0x00000000e7a80000)
  from space 12800K, 90% used [0x00000000e7a80000,0x00000000e85dffd8,0x00000000e8700000)
  to   space 13824K, 0% used [0x00000000eb900000,0x00000000eb900000,0x00000000ec680000)
 ParOldGen       total 110592K, used 15925K [0x00000000a0000000, 0x00000000a6c00000, 0x00000000e0000000)
  object space 110592K, 14% used [0x00000000a0000000,0x00000000a0f8d440,0x00000000a6c00000)
 Metaspace       used 42774K, capacity 43664K, committed 43992K, reserved 1087488K
  class space    used 5767K, capacity 6014K, committed 6104K, reserved 1048576K
}
Event: 18.991 GC heap before
{Heap before GC invocations=10 (full 2):
 PSYoungGen      total 138240K, used 137087K [0x00000000e0000000, 0x00000000ec680000, 0x0000000100000000)
  eden space 125440K, 100% used [0x00000000e0000000,0x00000000e7a80000,0x00000000e7a80000)
  from space 12800K, 90% used [0x00000000e7a80000,0x00000000e85dffd8,0x00000000e8700000)
  to   space 13824K, 0% used [0x00000000eb900000,0x00000000eb900000,0x00000000ec680000)
 ParOldGen       total 110592K, used 15925K [0x00000000a0000000, 0x00000000a6c00000, 0x00000000e0000000)
  object space 110592K, 14% used [0x00000000a0000000,0x00000000a0f8d440,0x00000000a6c00000)
 Metaspace       used 48473K, capacity 50054K, committed 50264K, reserved 1093632K
  class space    used 6613K, capacity 6962K, committed 7000K, reserved 1048576K
Event: 19.020 GC heap after
Heap after GC invocations=10 (full 2):
 PSYoungGen      total 185344K, used 13808K [0x00000000e0000000, 0x00000000ecc80000, 0x0000000100000000)
  eden space 171520K, 0% used [0x00000000e0000000,0x00000000e0000000,0x00000000ea780000)
  from space 13824K, 99% used [0x00000000eb900000,0x00000000ec67c008,0x00000000ec680000)
  to   space 17920K, 0% used [0x00000000ea780000,0x00000000ea780000,0x00000000eb900000)
 ParOldGen       total 110592K, used 22062K [0x00000000a0000000, 0x00000000a6c00000, 0x00000000e0000000)
  object space 110592K, 19% used [0x00000000a0000000,0x00000000a158b928,0x00000000a6c00000)
 Metaspace       used 48473K, capacity 50054K, committed 50264K, reserved 1093632K
  class space    used 6613K, capacity 6962K, committed 7000K, reserved 1048576K
}
Event: 23.945 GC heap before
{Heap before GC invocations=11 (full 2):
 PSYoungGen      total 185344K, used 185328K [0x00000000e0000000, 0x00000000ecc80000, 0x0000000100000000)
  eden space 171520K, 100% used [0x00000000e0000000,0x00000000ea780000,0x00000000ea780000)
  from space 13824K, 99% used [0x00000000eb900000,0x00000000ec67c008,0x00000000ec680000)
  to   space 17920K, 0% used [0x00000000ea780000,0x00000000ea780000,0x00000000eb900000)
 ParOldGen       total 110592K, used 22062K [0x00000000a0000000, 0x00000000a6c00000, 0x00000000e0000000)
  object space 110592K, 19% used [0x00000000a0000000,0x00000000a158b928,0x00000000a6c00000)
 Metaspace       used 53673K, capacity 55942K, committed 56280K, reserved 1097728K
  class space    used 7329K, capacity 7783K, committed 7896K, reserved 1048576K
Event: 24.120 GC heap after
Heap after GC invocations=11 (full 2):
 PSYoungGen      total 189440K, used 17888K [0x00000000e0000000, 0x00000000f0700000, 0x0000000100000000)
  eden space 171520K, 0% used [0x00000000e0000000,0x00000000e0000000,0x00000000ea780000)
  from space 17920K, 99% used [0x00000000ea780000,0x00000000eb8f8010,0x00000000eb900000)
  to   space 26112K, 0% used [0x00000000eed80000,0x00000000eed80000,0x00000000f0700000)
 ParOldGen       total 110592K, used 35555K [0x00000000a0000000, 0x00000000a6c00000, 0x00000000e0000000)
  object space 110592K, 32% used [0x00000000a0000000,0x00000000a22b8f40,0x00000000a6c00000)
 Metaspace       used 53673K, capacity 55942K, committed 56280K, reserved 1097728K
  class space    used 7329K, capacity 7783K, committed 7896K, reserved 1048576K
}
Event: 105.573 GC heap before
{Heap before GC invocations=12 (full 2):
 PSYoungGen      total 189440K, used 97541K [0x00000000e0000000, 0x00000000f0700000, 0x0000000100000000)
  eden space 171520K, 46% used [0x00000000e0000000,0x00000000e4dc93f8,0x00000000ea780000)
  from space 17920K, 99% used [0x00000000ea780000,0x00000000eb8f8010,0x00000000eb900000)
  to   space 26112K, 0% used [0x00000000eed80000,0x00000000eed80000,0x00000000f0700000)
 ParOldGen       total 110592K, used 35555K [0x00000000a0000000, 0x00000000a6c00000, 0x00000000e0000000)
  object space 110592K, 32% used [0x00000000a0000000,0x00000000a22b8f40,0x00000000a6c00000)
 Metaspace       used 56343K, capacity 58830K, committed 58968K, reserved 1099776K
  class space    used 7657K, capacity 8164K, committed 8280K, reserved 1048576K
Event: 105.630 GC heap after
Heap after GC invocations=12 (full 2):
 PSYoungGen      total 235008K, used 23856K [0x00000000e0000000, 0x00000000f0580000, 0x0000000100000000)
  eden space 210432K, 0% used [0x00000000e0000000,0x00000000e0000000,0x00000000ecd80000)
  from space 24576K, 97% used [0x00000000eed80000,0x00000000f04cc020,0x00000000f0580000)
  to   space 28672K, 0% used [0x00000000ecd80000,0x00000000ecd80000,0x00000000ee980000)
 ParOldGen       total 110592K, used 35563K [0x00000000a0000000, 0x00000000a6c00000, 0x00000000e0000000)
  object space 110592K, 32% used [0x00000000a0000000,0x00000000a22baf40,0x00000000a6c00000)
 Metaspace       used 56343K, capacity 58830K, committed 58968K, reserved 1099776K
  class space    used 7657K, capacity 8164K, committed 8280K, reserved 1048576K
}
Event: 105.630 GC heap before
{Heap before GC invocations=13 (full 3):
 PSYoungGen      total 235008K, used 23856K [0x00000000e0000000, 0x00000000f0580000, 0x0000000100000000)
  eden space 210432K, 0% used [0x00000000e0000000,0x00000000e0000000,0x00000000ecd80000)
  from space 24576K, 97% used [0x00000000eed80000,0x00000000f04cc020,0x00000000f0580000)
  to   space 28672K, 0% used [0x00000000ecd80000,0x00000000ecd80000,0x00000000ee980000)
 ParOldGen       total 110592K, used 35563K [0x00000000a0000000, 0x00000000a6c00000, 0x00000000e0000000)
  object space 110592K, 32% used [0x00000000a0000000,0x00000000a22baf40,0x00000000a6c00000)
 Metaspace       used 56343K, capacity 58830K, committed 58968K, reserved 1099776K
  class space    used 7657K, capacity 8164K, committed 8280K, reserved 1048576K
Event: 105.857 GC heap after
Heap after GC invocations=13 (full 3):
 PSYoungGen      total 235008K, used 0K [0x00000000e0000000, 0x00000000f0580000, 0x0000000100000000)
  eden space 210432K, 0% used [0x00000000e0000000,0x00000000e0000000,0x00000000ecd80000)
  from space 24576K, 0% used [0x00000000eed80000,0x00000000eed80000,0x00000000f0580000)
  to   space 28672K, 0% used [0x00000000ecd80000,0x00000000ecd80000,0x00000000ee980000)
 ParOldGen       total 170496K, used 43427K [0x00000000a0000000, 0x00000000aa680000, 0x00000000e0000000)
  object space 170496K, 25% used [0x00000000a0000000,0x00000000a2a68ff8,0x00000000aa680000)
 Metaspace       used 56343K, capacity 58830K, committed 58968K, reserved 1099776K
  class space    used 7657K, capacity 8164K, committed 8280K, reserved 1048576K
}
Event: 219.267 GC heap before
{Heap before GC invocations=14 (full 3):
 PSYoungGen      total 235008K, used 210432K [0x00000000e0000000, 0x00000000f0580000, 0x0000000100000000)
  eden space 210432K, 100% used [0x00000000e0000000,0x00000000ecd80000,0x00000000ecd80000)
  from space 24576K, 0% used [0x00000000eed80000,0x00000000eed80000,0x00000000f0580000)
  to   space 28672K, 0% used [0x00000000ecd80000,0x00000000ecd80000,0x00000000ee980000)
 ParOldGen       total 170496K, used 43427K [0x00000000a0000000, 0x00000000aa680000, 0x00000000e0000000)
  object space 170496K, 25% used [0x00000000a0000000,0x00000000a2a68ff8,0x00000000aa680000)
 Metaspace       used 57863K, capacity 60766K, committed 60888K, reserved 1101824K
  class space    used 7801K, capacity 8339K, committed 8408K, reserved 1048576K

