# JRE version: OpenJDK Runtime Environment (8.0_112-b06) (build 1.8.0_112-release-b06)
# Java VM: OpenJDK 64-Bit Server VM (25.112-b06 mixed mode windows-amd64 compressed oops)
Heap:
 PSYoungGen      total 445952K, used 57617K [0x00000000e0000000, 0x00000000ff900000, 0x0000000100000000)
  eden space 382976K, 9% used [0x00000000e0000000,0x00000000e2411240,0x00000000f7600000)
  from space 62976K, 32% used [0x00000000fbb80000,0x00000000fcfb32d0,0x00000000ff900000)
  to   space 67072K, 0% used [0x00000000f7600000,0x00000000f7600000,0x00000000fb780000)
 ParOldGen       total 234496K, used 86423K [0x00000000a0000000, 0x00000000ae500000, 0x00000000e0000000)
  object space 234496K, 36% used [0x00000000a0000000,0x00000000a5465ef8,0x00000000ae500000)
 Metaspace       used 78496K, capacity 85450K, committed 85632K, reserved 1124352K
  class space    used 9941K, capacity 10833K, committed 10880K, reserved 1048576K
GC Heap History (10 events):
Event: 5020.976 GC heap before
{Heap before GC invocations=44 (full 4):
 PSYoungGen      total 381952K, used 337904K [0x00000000e0000000, 0x00000000fc500000, 0x0000000100000000)
  eden space 329216K, 100% used [0x00000000e0000000,0x00000000f4180000,0x00000000f4180000)
  from space 52736K, 16% used [0x00000000f4180000,0x00000000f49fc360,0x00000000f7500000)
  to   space 51712K, 0% used [0x00000000f9280000,0x00000000f9280000,0x00000000fc500000)
 ParOldGen       total 234496K, used 68406K [0x00000000a0000000, 0x00000000ae500000, 0x00000000e0000000)
  object space 234496K, 29% used [0x00000000a0000000,0x00000000a42cd968,0x00000000ae500000)
 Metaspace       used 78384K, capacity 85222K, committed 85376K, reserved 1124352K
  class space    used 9933K, capacity 10825K, committed 10880K, reserved 1048576K
Event: 5021.008 GC heap after
Heap after GC invocations=44 (full 4):
 PSYoungGen      total 400896K, used 22771K [0x00000000e0000000, 0x00000000fbd80000, 0x0000000100000000)
  eden space 356864K, 0% used [0x00000000e0000000,0x00000000e0000000,0x00000000f5c80000)
  from space 44032K, 51% used [0x00000000f9280000,0x00000000fa8bcc00,0x00000000fbd80000)
  to   space 49664K, 0% used [0x00000000f5c80000,0x00000000f5c80000,0x00000000f8d00000)
 ParOldGen       total 234496K, used 68446K [0x00000000a0000000, 0x00000000ae500000, 0x00000000e0000000)
  object space 234496K, 29% used [0x00000000a0000000,0x00000000a42d7968,0x00000000ae500000)
 Metaspace       used 78384K, capacity 85222K, committed 85376K, reserved 1124352K
  class space    used 9933K, capacity 10825K, committed 10880K, reserved 1048576K
}
Event: 5021.533 GC heap before
{Heap before GC invocations=45 (full 4):
 PSYoungGen      total 400896K, used 379635K [0x00000000e0000000, 0x00000000fbd80000, 0x0000000100000000)
  eden space 356864K, 100% used [0x00000000e0000000,0x00000000f5c80000,0x00000000f5c80000)
  from space 44032K, 51% used [0x00000000f9280000,0x00000000fa8bcc00,0x00000000fbd80000)
  to   space 49664K, 0% used [0x00000000f5c80000,0x00000000f5c80000,0x00000000f8d00000)
 ParOldGen       total 234496K, used 68446K [0x00000000a0000000, 0x00000000ae500000, 0x00000000e0000000)
  object space 234496K, 29% used [0x00000000a0000000,0x00000000a42d7968,0x00000000ae500000)
 Metaspace       used 78384K, capacity 85222K, committed 85376K, reserved 1124352K
  class space    used 9933K, capacity 10825K, committed 10880K, reserved 1048576K
Event: 5021.595 GC heap after
Heap after GC invocations=45 (full 4):
 PSYoungGen      total 406528K, used 49640K [0x00000000e0000000, 0x0000000100000000, 0x0000000100000000)
  eden space 356864K, 0% used [0x00000000e0000000,0x00000000e0000000,0x00000000f5c80000)
  from space 49664K, 99% used [0x00000000f5c80000,0x00000000f8cfa3e0,0x00000000f8d00000)
  to   space 63488K, 0% used [0x00000000fc200000,0x00000000fc200000,0x0000000100000000)
 ParOldGen       total 234496K, used 85095K [0x00000000a0000000, 0x00000000ae500000, 0x00000000e0000000)
  object space 234496K, 36% used [0x00000000a0000000,0x00000000a5319e68,0x00000000ae500000)
 Metaspace       used 78384K, capacity 85222K, committed 85376K, reserved 1124352K
  class space    used 9933K, capacity 10825K, committed 10880K, reserved 1048576K
}
Event: 5022.990 GC heap before
{Heap before GC invocations=46 (full 4):
 PSYoungGen      total 406528K, used 406504K [0x00000000e0000000, 0x0000000100000000, 0x0000000100000000)
  eden space 356864K, 100% used [0x00000000e0000000,0x00000000f5c80000,0x00000000f5c80000)
  from space 49664K, 99% used [0x00000000f5c80000,0x00000000f8cfa3e0,0x00000000f8d00000)
  to   space 63488K, 0% used [0x00000000fc200000,0x00000000fc200000,0x0000000100000000)
 ParOldGen       total 234496K, used 85095K [0x00000000a0000000, 0x00000000ae500000, 0x00000000e0000000)
  object space 234496K, 36% used [0x00000000a0000000,0x00000000a5319e68,0x00000000ae500000)
 Metaspace       used 78391K, capacity 85222K, committed 85376K, reserved 1124352K
  class space    used 9933K, capacity 10825K, committed 10880K, reserved 1048576K
Event: 5023.081 GC heap after
Heap after GC invocations=46 (full 4):
 PSYoungGen      total 445440K, used 55669K [0x00000000e0000000, 0x0000000100000000, 0x0000000100000000)
  eden space 381952K, 0% used [0x00000000e0000000,0x00000000e0000000,0x00000000f7500000)
  from space 63488K, 87% used [0x00000000fc200000,0x00000000ff85d640,0x0000000100000000)
  to   space 71168K, 0% used [0x00000000f7500000,0x00000000f7500000,0x00000000fba80000)
 ParOldGen       total 234496K, used 85303K [0x00000000a0000000, 0x00000000ae500000, 0x00000000e0000000)
  object space 234496K, 36% used [0x00000000a0000000,0x00000000a534de78,0x00000000ae500000)
 Metaspace       used 78391K, capacity 85222K, committed 85376K, reserved 1124352K
  class space    used 9933K, capacity 10825K, committed 10880K, reserved 1048576K
}
Event: 5025.177 GC heap before
{Heap before GC invocations=47 (full 4):
 PSYoungGen      total 445440K, used 437311K [0x00000000e0000000, 0x0000000100000000, 0x0000000100000000)
  eden space 381952K, 99% used [0x00000000e0000000,0x00000000f74b2870,0x00000000f7500000)
  from space 63488K, 87% used [0x00000000fc200000,0x00000000ff85d640,0x0000000100000000)
  to   space 71168K, 0% used [0x00000000f7500000,0x00000000f7500000,0x00000000fba80000)
 ParOldGen       total 234496K, used 85303K [0x00000000a0000000, 0x00000000ae500000, 0x00000000e0000000)
  object space 234496K, 36% used [0x00000000a0000000,0x00000000a534de78,0x00000000ae500000)
 Metaspace       used 78430K, capacity 85294K, committed 85376K, reserved 1124352K
  class space    used 9933K, capacity 10825K, committed 10880K, reserved 1048576K
Event: 5025.217 GC heap after
Heap after GC invocations=47 (full 4):
 PSYoungGen      total 453120K, used 35994K [0x00000000e0000000, 0x0000000100000000, 0x0000000100000000)
  eden space 381952K, 0% used [0x00000000e0000000,0x00000000e0000000,0x00000000f7500000)
  from space 71168K, 50% used [0x00000000f7500000,0x00000000f98268d0,0x00000000fba80000)
  to   space 70144K, 0% used [0x00000000fbb80000,0x00000000fbb80000,0x0000000100000000)
 ParOldGen       total 234496K, used 85703K [0x00000000a0000000, 0x00000000ae500000, 0x00000000e0000000)
  object space 234496K, 36% used [0x00000000a0000000,0x00000000a53b1e98,0x00000000ae500000)
 Metaspace       used 78430K, capacity 85294K, committed 85376K, reserved 1124352K
  class space    used 9933K, capacity 10825K, committed 10880K, reserved 1048576K
}
Event: 5156.218 GC heap before
{Heap before GC invocations=48 (full 4):
 PSYoungGen      total 453120K, used 417946K [0x00000000e0000000, 0x0000000100000000, 0x0000000100000000)
  eden space 381952K, 100% used [0x00000000e0000000,0x00000000f7500000,0x00000000f7500000)
  from space 71168K, 50% used [0x00000000f7500000,0x00000000f98268d0,0x00000000fba80000)
  to   space 70144K, 0% used [0x00000000fbb80000,0x00000000fbb80000,0x0000000100000000)
 ParOldGen       total 234496K, used 85703K [0x00000000a0000000, 0x00000000ae500000, 0x00000000e0000000)
  object space 234496K, 36% used [0x00000000a0000000,0x00000000a53b1e98,0x00000000ae500000)
 Metaspace       used 78494K, capacity 85450K, committed 85632K, reserved 1124352K
  class space    used 9941K, capacity 10833K, committed 10880K, reserved 1048576K
Event: 5156.252 GC heap after
Heap after GC invocations=48 (full 4):
 PSYoungGen      total 445952K, used 20684K [0x00000000e0000000, 0x00000000ff900000, 0x0000000100000000)
  eden space 382976K, 0% used [0x00000000e0000000,0x00000000e0000000,0x00000000f7600000)
  from space 62976K, 32% used [0x00000000fbb80000,0x00000000fcfb32d0,0x00000000ff900000)
  to   space 67072K, 0% used [0x00000000f7600000,0x00000000f7600000,0x00000000fb780000)
 ParOldGen       total 234496K, used 86423K [0x00000000a0000000, 0x00000000ae500000, 0x00000000e0000000)
  object space 234496K, 36% used [0x00000000a0000000,0x00000000a5465ef8,0x00000000ae500000)
 Metaspace       used 78494K, capacity 85450K, committed 85632K, reserved 1124352K
  class space    used 9941K, capacity 10833K, committed 10880K, reserved 1048576K
}

