# JRE version: OpenJDK Runtime Environment (8.0_112-b06) (build 1.8.0_112-release-b06)
# Java VM: OpenJDK 64-Bit Server VM (25.112-b06 mixed mode windows-amd64 compressed oops)
Heap:
 PSYoungGen      total 295424K, used 110721K [0x00000000e0000000, 0x00000000fae00000, 0x0000000100000000)
  eden space 257024K, 28% used [0x00000000e0000000,0x00000000e46a3400,0x00000000efb00000)
  from space 38400K, 99% used [0x00000000efb00000,0x00000000f207d3b0,0x00000000f2080000)
  to   space 50688K, 0% used [0x00000000f7c80000,0x00000000f7c80000,0x00000000fae00000)
 ParOldGen       total 139776K, used 66621K [0x00000000a0000000, 0x00000000a8880000, 0x00000000e0000000)
  object space 139776K, 47% used [0x00000000a0000000,0x00000000a410f778,0x00000000a8880000)
 Metaspace       used 65180K, capacity 67234K, committed 67456K, reserved 1107968K
  class space    used 8319K, capacity 8709K, committed 8832K, reserved 1048576K
GC Heap History (10 events):
Event: 9.256 GC heap before
{Heap before GC invocations=14 (full 3):
 PSYoungGen      total 197120K, used 19186K [0x00000000e0000000, 0x00000000f0c00000, 0x0000000100000000)
  eden space 173056K, 0% used [0x00000000e0000000,0x00000000e0000000,0x00000000ea900000)
  from space 24064K, 79% used [0x00000000ea900000,0x00000000ebbbca60,0x00000000ec080000)
  to   space 25600K, 0% used [0x00000000ef300000,0x00000000ef300000,0x00000000f0c00000)
 ParOldGen       total 95232K, used 37646K [0x00000000a0000000, 0x00000000a5d00000, 0x00000000e0000000)
  object space 95232K, 39% used [0x00000000a0000000,0x00000000a24c38a8,0x00000000a5d00000)
 Metaspace       used 57355K, capacity 59054K, committed 59160K, reserved 1099776K
  class space    used 7648K, capacity 8015K, committed 8064K, reserved 1048576K
Event: 9.435 GC heap after
Heap after GC invocations=14 (full 3):
 PSYoungGen      total 197120K, used 0K [0x00000000e0000000, 0x00000000f0c00000, 0x0000000100000000)
  eden space 173056K, 0% used [0x00000000e0000000,0x00000000e0000000,0x00000000ea900000)
  from space 24064K, 0% used [0x00000000ea900000,0x00000000ea900000,0x00000000ec080000)
  to   space 25600K, 0% used [0x00000000ef300000,0x00000000ef300000,0x00000000f0c00000)
 ParOldGen       total 139776K, used 34144K [0x00000000a0000000, 0x00000000a8880000, 0x00000000e0000000)
  object space 139776K, 24% used [0x00000000a0000000,0x00000000a2158000,0x00000000a8880000)
 Metaspace       used 57354K, capacity 59048K, committed 59160K, reserved 1099776K
  class space    used 7647K, capacity 8014K, committed 8064K, reserved 1048576K
}
Event: 26.777 GC heap before
{Heap before GC invocations=15 (full 3):
 PSYoungGen      total 197120K, used 173056K [0x00000000e0000000, 0x00000000f0c00000, 0x0000000100000000)
  eden space 173056K, 100% used [0x00000000e0000000,0x00000000ea900000,0x00000000ea900000)
  from space 24064K, 0% used [0x00000000ea900000,0x00000000ea900000,0x00000000ec080000)
  to   space 25600K, 0% used [0x00000000ef300000,0x00000000ef300000,0x00000000f0c00000)
 ParOldGen       total 139776K, used 34144K [0x00000000a0000000, 0x00000000a8880000, 0x00000000e0000000)
  object space 139776K, 24% used [0x00000000a0000000,0x00000000a2158000,0x00000000a8880000)
 Metaspace       used 60579K, capacity 62424K, committed 62592K, reserved 1103872K
  class space    used 7883K, capacity 8236K, committed 8320K, reserved 1048576K
Event: 26.786 GC heap after
Heap after GC invocations=15 (full 3):
 PSYoungGen      total 234496K, used 7537K [0x00000000e0000000, 0x00000000f0480000, 0x0000000100000000)
  eden space 216576K, 0% used [0x00000000e0000000,0x00000000e0000000,0x00000000ed380000)
  from space 17920K, 42% used [0x00000000ef300000,0x00000000efa5c4b8,0x00000000f0480000)
  to   space 25088K, 0% used [0x00000000ed380000,0x00000000ed380000,0x00000000eec00000)
 ParOldGen       total 139776K, used 34152K [0x00000000a0000000, 0x00000000a8880000, 0x00000000e0000000)
  object space 139776K, 24% used [0x00000000a0000000,0x00000000a215a000,0x00000000a8880000)
 Metaspace       used 60579K, capacity 62424K, committed 62592K, reserved 1103872K
  class space    used 7883K, capacity 8236K, committed 8320K, reserved 1048576K
}
Event: 28.606 GC heap before
{Heap before GC invocations=16 (full 3):
 PSYoungGen      total 234496K, used 224113K [0x00000000e0000000, 0x00000000f0480000, 0x0000000100000000)
  eden space 216576K, 100% used [0x00000000e0000000,0x00000000ed380000,0x00000000ed380000)
  from space 17920K, 42% used [0x00000000ef300000,0x00000000efa5c4b8,0x00000000f0480000)
  to   space 25088K, 0% used [0x00000000ed380000,0x00000000ed380000,0x00000000eec00000)
 ParOldGen       total 139776K, used 34152K [0x00000000a0000000, 0x00000000a8880000, 0x00000000e0000000)
  object space 139776K, 24% used [0x00000000a0000000,0x00000000a215a000,0x00000000a8880000)
 Metaspace       used 64599K, capacity 66722K, committed 66944K, reserved 1107968K
  class space    used 8311K, capacity 8709K, committed 8832K, reserved 1048576K
Event: 28.629 GC heap after
Heap after GC invocations=16 (full 3):
 PSYoungGen      total 241664K, used 24704K [0x00000000e0000000, 0x00000000f3c80000, 0x0000000100000000)
  eden space 216576K, 0% used [0x00000000e0000000,0x00000000e0000000,0x00000000ed380000)
  from space 25088K, 98% used [0x00000000ed380000,0x00000000eeba02f0,0x00000000eec00000)
  to   space 28672K, 0% used [0x00000000f2080000,0x00000000f2080000,0x00000000f3c80000)
 ParOldGen       total 139776K, used 34160K [0x00000000a0000000, 0x00000000a8880000, 0x00000000e0000000)
  object space 139776K, 24% used [0x00000000a0000000,0x00000000a215c000,0x00000000a8880000)
 Metaspace       used 64599K, capacity 66722K, committed 66944K, reserved 1107968K
  class space    used 8311K, capacity 8709K, committed 8832K, reserved 1048576K
}
Event: 29.519 GC heap before
{Heap before GC invocations=17 (full 3):
 PSYoungGen      total 241664K, used 241280K [0x00000000e0000000, 0x00000000f3c80000, 0x0000000100000000)
  eden space 216576K, 100% used [0x00000000e0000000,0x00000000ed380000,0x00000000ed380000)
  from space 25088K, 98% used [0x00000000ed380000,0x00000000eeba02f0,0x00000000eec00000)
  to   space 28672K, 0% used [0x00000000f2080000,0x00000000f2080000,0x00000000f3c80000)
 ParOldGen       total 139776K, used 34160K [0x00000000a0000000, 0x00000000a8880000, 0x00000000e0000000)
  object space 139776K, 24% used [0x00000000a0000000,0x00000000a215c000,0x00000000a8880000)
 Metaspace       used 64687K, capacity 66786K, committed 67200K, reserved 1107968K
  class space    used 8312K, capacity 8709K, committed 8832K, reserved 1048576K
Event: 29.567 GC heap after
Heap after GC invocations=17 (full 3):
 PSYoungGen      total 285696K, used 28649K [0x00000000e0000000, 0x00000000f5700000, 0x0000000100000000)
  eden space 257024K, 0% used [0x00000000e0000000,0x00000000e0000000,0x00000000efb00000)
  from space 28672K, 99% used [0x00000000f2080000,0x00000000f3c7a740,0x00000000f3c80000)
  to   space 38400K, 0% used [0x00000000efb00000,0x00000000efb00000,0x00000000f2080000)
 ParOldGen       total 139776K, used 49501K [0x00000000a0000000, 0x00000000a8880000, 0x00000000e0000000)
  object space 139776K, 35% used [0x00000000a0000000,0x00000000a3057440,0x00000000a8880000)
 Metaspace       used 64687K, capacity 66786K, committed 67200K, reserved 1107968K
  class space    used 8312K, capacity 8709K, committed 8832K, reserved 1048576K
}
Event: 30.442 GC heap before
{Heap before GC invocations=18 (full 3):
 PSYoungGen      total 285696K, used 285673K [0x00000000e0000000, 0x00000000f5700000, 0x0000000100000000)
  eden space 257024K, 100% used [0x00000000e0000000,0x00000000efb00000,0x00000000efb00000)
  from space 28672K, 99% used [0x00000000f2080000,0x00000000f3c7a740,0x00000000f3c80000)
  to   space 38400K, 0% used [0x00000000efb00000,0x00000000efb00000,0x00000000f2080000)
 ParOldGen       total 139776K, used 49501K [0x00000000a0000000, 0x00000000a8880000, 0x00000000e0000000)
  object space 139776K, 35% used [0x00000000a0000000,0x00000000a3057440,0x00000000a8880000)
 Metaspace       used 64927K, capacity 66978K, committed 67200K, reserved 1107968K
  class space    used 8319K, capacity 8709K, committed 8832K, reserved 1048576K
Event: 30.518 GC heap after
Heap after GC invocations=18 (full 3):
 PSYoungGen      total 295424K, used 38388K [0x00000000e0000000, 0x00000000fae00000, 0x0000000100000000)
  eden space 257024K, 0% used [0x00000000e0000000,0x00000000e0000000,0x00000000efb00000)
  from space 38400K, 99% used [0x00000000efb00000,0x00000000f207d3b0,0x00000000f2080000)
  to   space 50688K, 0% used [0x00000000f7c80000,0x00000000f7c80000,0x00000000fae00000)
 ParOldGen       total 139776K, used 66621K [0x00000000a0000000, 0x00000000a8880000, 0x00000000e0000000)
  object space 139776K, 47% used [0x00000000a0000000,0x00000000a410f778,0x00000000a8880000)
 Metaspace       used 64927K, capacity 66978K, committed 67200K, reserved 1107968K
  class space    used 8319K, capacity 8709K, committed 8832K, reserved 1048576K
}

